Build started 6/4/2015 3:16:33 PM.
     1>Project "C:\Users\Bill\Downloads\ft255\freetype-2.5.5\builds\windows\vc2010\freetype.vcxproj" on node 3 (Build target(s)).
     1>ClCompile:
         C:\Program Files (x86)\Microsoft Visual Studio 12.0\VC\bin\CL.exe /c /I..\..\..\include /Zi /nologo /W4 /WX- /MP /Od /Ob0 /Oy- /D _DEBUG /D WIN32 /D _LIB /D _CRT_SECURE_NO_WARNINGS /D FT_DEBUG_LEVEL_ERROR /D FT_DEBUG_LEVEL_TRACE /D FT2_BUILD_LIBRARY /D _MBCS /Gm- /EHsc /RTC1 /MDd /GS /fp:precise /Za /Zc:wchar_t /Zc:forScope /Fo".\..\..\..\objs\vc2010\Win32\Debug\\" /Fd".\..\..\..\objs\vc2010\Win32\freetype255d.pdb" /Gd /TC /wd4001 /analyze- /errorReport:prompt ..\..\..\src\autofit\autofit.c ..\..\..\src\bdf\bdf.c ..\..\..\src\cff\cff.c ..\..\..\src\base\ftbase.c ..\..\..\src\base\ftbitmap.c ..\..\..\src\cache\ftcache.c ..\..\..\src\base\ftfstype.c ..\..\..\src\base\ftgasp.c ..\..\..\src\base\ftglyph.c ..\..\..\src\gzip\ftgzip.c ..\..\..\src\base\ftinit.c ..\..\..\src\lzw\ftlzw.c ..\..\..\src\base\ftstroke.c ..\..\..\src\base\ftsystem.c ..\..\..\src\smooth\smooth.c ..\..\..\src\base\ftbbox.c ..\..\..\src\base\ftmm.c ..\..\..\src\base\ftpfr.c ..\..\..\src\base\ftsynth.c ..\..\..\src\base\fttype1.c ..\..\..\src\base\ftwinfnt.c ..\..\..\src\base\ftxf86.c ..\..\..\src\base\ftlcdfil.c ..\..\..\src\base\ftgxval.c ..\..\..\src\base\ftotval.c ..\..\..\src\base\ftpatent.c ..\..\..\src\pcf\pcf.c ..\..\..\src\pfr\pfr.c ..\..\..\src\psaux\psaux.c ..\..\..\src\pshinter\pshinter.c ..\..\..\src\psnames\psmodule.c ..\..\..\src\raster\raster.c ..\..\..\src\sfnt\sfnt.c ..\..\..\src\truetype\truetype.c ..\..\..\src\type1\type1.c ..\..\..\src\cid\type1cid.c ..\..\..\src\type42\type42.c ..\..\..\src\winfonts\winfnt.c
         autofit.c
         bdf.c
         cff.c
         ftbase.c
         ftbitmap.c
         ftcache.c
         ftfstype.c
         ftgasp.c
         ftglyph.c
         ftgzip.c
         ftinit.c
         ftlzw.c
         ftstroke.c
         ftsystem.c
         smooth.c
         ftbbox.c
         ftmm.c
         ftpfr.c
         ftsynth.c
         fttype1.c
         ftwinfnt.c
         ftxf86.c
         ftlcdfil.c
         ftgxval.c
         ftotval.c
         ftpatent.c
         pcf.c
         pfr.c
         psaux.c
         pshinter.c
         psmodule.c
         raster.c
         sfnt.c
         truetype.c
         type1.c
         type1cid.c
         type42.c
         winfnt.c
         C:\Program Files (x86)\Microsoft Visual Studio 12.0\VC\bin\CL.exe /c /I..\..\..\include /Zi /nologo /W4 /WX- /MP /Od /Ob0 /Oy- /D _DEBUG /D WIN32 /D _LIB /D _CRT_SECURE_NO_WARNINGS /D FT_DEBUG_LEVEL_ERROR /D FT_DEBUG_LEVEL_TRACE /D FT2_BUILD_LIBRARY /D _MBCS /Gm- /EHsc /RTC1 /MDd /GS /fp:precise /Zc:wchar_t /Zc:forScope /Fo".\..\..\..\objs\vc2010\Win32\Debug\\" /Fd".\..\..\..\objs\vc2010\Win32\freetype255d.pdb" /Gd /TC /wd4001 /analyze- /errorReport:prompt ..\ftdebug.c
         ftdebug.c
       Lib:
         C:\Program Files (x86)\Microsoft Visual Studio 12.0\VC\bin\Lib.exe /OUT:".\..\..\..\objs\vc2010\Win32\freetype255d.lib" /NOLOGO /MACHINE:X86 .\..\..\..\objs\vc2010\Win32\Debug\autofit.obj
         .\..\..\..\objs\vc2010\Win32\Debug\bdf.obj
         .\..\..\..\objs\vc2010\Win32\Debug\cff.obj
         .\..\..\..\objs\vc2010\Win32\Debug\ftbase.obj
         .\..\..\..\objs\vc2010\Win32\Debug\ftbitmap.obj
         .\..\..\..\objs\vc2010\Win32\Debug\ftcache.obj
         .\..\..\..\objs\vc2010\Win32\Debug\ftdebug.obj
         .\..\..\..\objs\vc2010\Win32\Debug\ftfstype.obj
         .\..\..\..\objs\vc2010\Win32\Debug\ftgasp.obj
         .\..\..\..\objs\vc2010\Win32\Debug\ftglyph.obj
         .\..\..\..\objs\vc2010\Win32\Debug\ftgzip.obj
         .\..\..\..\objs\vc2010\Win32\Debug\ftinit.obj
         .\..\..\..\objs\vc2010\Win32\Debug\ftlzw.obj
         .\..\..\..\objs\vc2010\Win32\Debug\ftstroke.obj
         .\..\..\..\objs\vc2010\Win32\Debug\ftsystem.obj
         .\..\..\..\objs\vc2010\Win32\Debug\smooth.obj
         .\..\..\..\objs\vc2010\Win32\Debug\ftbbox.obj
         .\..\..\..\objs\vc2010\Win32\Debug\ftmm.obj
         .\..\..\..\objs\vc2010\Win32\Debug\ftpfr.obj
         .\..\..\..\objs\vc2010\Win32\Debug\ftsynth.obj
         .\..\..\..\objs\vc2010\Win32\Debug\fttype1.obj
         .\..\..\..\objs\vc2010\Win32\Debug\ftwinfnt.obj
         .\..\..\..\objs\vc2010\Win32\Debug\ftxf86.obj
         .\..\..\..\objs\vc2010\Win32\Debug\ftlcdfil.obj
         .\..\..\..\objs\vc2010\Win32\Debug\ftgxval.obj
         .\..\..\..\objs\vc2010\Win32\Debug\ftotval.obj
         .\..\..\..\objs\vc2010\Win32\Debug\ftpatent.obj
         .\..\..\..\objs\vc2010\Win32\Debug\pcf.obj
         .\..\..\..\objs\vc2010\Win32\Debug\pfr.obj
         .\..\..\..\objs\vc2010\Win32\Debug\psaux.obj
         .\..\..\..\objs\vc2010\Win32\Debug\pshinter.obj
         .\..\..\..\objs\vc2010\Win32\Debug\psmodule.obj
         .\..\..\..\objs\vc2010\Win32\Debug\raster.obj
         .\..\..\..\objs\vc2010\Win32\Debug\sfnt.obj
         .\..\..\..\objs\vc2010\Win32\Debug\truetype.obj
         .\..\..\..\objs\vc2010\Win32\Debug\type1.obj
         .\..\..\..\objs\vc2010\Win32\Debug\type1cid.obj
         .\..\..\..\objs\vc2010\Win32\Debug\type42.obj
         .\..\..\..\objs\vc2010\Win32\Debug\winfnt.obj
         freetype.vcxproj -> C:\Users\Bill\Downloads\ft255\freetype-2.5.5\builds\windows\vc2010\.\..\..\..\objs\vc2010\Win32\freetype255d.lib
     1>Done Building Project "C:\Users\Bill\Downloads\ft255\freetype-2.5.5\builds\windows\vc2010\freetype.vcxproj" (Build target(s)).

Build succeeded.

Time Elapsed 00:00:02.28
