#
# A fatal error has been detected by the Java Runtime Environment:
#
#  SIGSEGV (0xb) at pc=0x000000010d1a7475, pid=10840, tid=0x0000000000001b03
#
# JRE version: OpenJDK Runtime Environment (8.0_212-b04) (build 1.8.0_212-b04)
# Java VM: OpenJDK 64-Bit Server VM (25.212-b04 mixed mode bsd-amd64 compressed oops)
# Problematic frame:
# V  [libjvm.dylib+0x1a7475]  oopDesc::size()+0x2d
#
# Failed to write core dump. Core dumps have been disabled. To enable core dumping, try "ulimit -c unlimited" before starting Java again
#
# If you would like to submit a bug report, please visit:
#   http://bugreport.java.com/bugreport/crash.jsp
#

---------------  T H R E A D  ---------------

Current thread (0x00007fdba5817800):  GCTaskThread [stack: 0x0000700003c4a000,0x0000700003d4a000] [id=6915]

siginfo: si_signo: 11 (SIGSEGV), si_code: 1 (SEGV_MAPERR), si_addr: 0x0000000000000008

Registers:
RAX=0x000000010d7f3200, RBX=0xf6d9bac5f6d9bac2, RCX=0x0000000000000003, RDX=0x0000000000000001
RSP=0x0000700003d49c90, RBP=0x0000700003d49c90, RSI=0x00000007b6cdd5f8, RDI=0x0000000000000000
R8 =0x000000010d89b3b0, R9 =0x00000007acf580d0, R10=0x00000007acf600d0, R11=0xfffffffff6282668
R12=0x000000010d895ca6, R13=0x00000007acf5ec4d, R14=0x00007fdba5835d40, R15=0x00007fdba5835dd8
RIP=0x000000010d1a7475, EFLAGS=0x0000000000010246, ERR=0x0000000000000004
  TRAPNO=0x000000000000000e

Top of Stack: (sp=0x0000700003d49c90)
0x0000700003d49c90:   0000700003d49d00 000000010d49d6ed
0x0000700003d49ca0:   0000700003d49d18 00000007b6cdd5f8
0x0000700003d49cb0:   00000007acf580d0 0000000000001000
0x0000700003d49cc0:   00000005d986a278 0000000000000400
0x0000700003d49cd0:   000000000000004d 00000007acf5ec4d
0x0000700003d49ce0:   000000010d895ca6 00000007acf5ec4d
0x0000700003d49cf0:   00000007acf5ec4c 00007fdba5835dd8
0x0000700003d49d00:   0000700003d49d20 000000010d49dc03
0x0000700003d49d10:   00007fdba5835d40 00007fdba5835da0
0x0000700003d49d20:   0000700003d49d80 000000010d49cc21
0x0000700003d49d30:   00000005cd2057ec 00000007c00d1be8
0x0000700003d49d40:   00000007acf5ec4d 00000007c00d1be8
0x0000700003d49d50:   00007fdba5835d40 00000005cd205828
0x0000700003d49d60:   000000010dfd502c 00000005cd205800
0x0000700003d49d70:   000000010dfd5081 0000000000000240
0x0000700003d49d80:   0000700003d49e40 000000010d1571e6
0x0000700003d49d90:   0000010000000101 0000000000000200
0x0000700003d49da0:   fffffffef1fc7ed5 0000000000000000
0x0000700003d49db0:   000000010e038129 000000010b16c000
0x0000700003d49dc0:   000000010e03812a 0000000002e69000
0x0000700003d49dd0:   fffffffef202af7f 0000000002ecc12a
0x0000700003d49de0:   000000010dfd5080 000000010dfd5001
0x0000700003d49df0:   00000005d9825248 00000005cd210000
0x0000700003d49e00:   00007fdba540f950 00007fdba5835d40
0x0000700003d49e10:   00007fdba540f6d0 00007fdba550e880
0x0000700003d49e20:   0000000000000000 000000010d5e5bcd
0x0000700003d49e30:   00007fdba5835d40 0000000000000001
0x0000700003d49e40:   0000700003d49e70 000000010d4a0703
0x0000700003d49e50:   00007fdb00000004 00007fdba54128b0
0x0000700003d49e60:   00007fdba5817800 00007fdba550e880
0x0000700003d49e70:   0000700003d49f50 000000010d2713bf
0x0000700003d49e80:   0000700003d49eb0 00007fdba5415c30 

Instructions: (pc=0x000000010d1a7475)
0x000000010d1a7455:   84 d2 48 89 fe 74 15 48 8d 05 9d bd 64 00 8a 48
0x000000010d1a7465:   08 8b 7e 08 48 d3 e7 48 03 38 eb 04 48 8b 7e 08
0x000000010d1a7475:   8b 47 08 85 c0 7e 09 a8 01 75 4e c1 f8 03 eb 47
0x000000010d1a7485:   85 c0 7f 43 85 c0 79 41 84 d2 0f 94 c1 0f b6 c9 

Register to memory mapping:

RAX=0x000000010d7f3200: _ZN8Universe13_narrow_klassE+0 in /Applications/QuorumStudio.app/Contents/MacOS/jre/lib/server/libjvm.dylib at 0x000000010d000000
RBX=0xf6d9bac5f6d9bac2 is an unknown value
RCX=0x0000000000000003 is an unknown value
RDX=0x0000000000000001 is an unknown value
RSP=0x0000700003d49c90 is an unknown value
RBP=0x0000700003d49c90 is an unknown value
RSI=0x00000007b6cdd5f8 is an oop

[error occurred during error reporting (printing register info), id 0xb]

Stack: [0x0000700003c4a000,0x0000700003d4a000],  sp=0x0000700003d49c90,  free space=1023k
Native frames: (J=compiled Java code, j=interpreted, Vv=VM code, C=native code)
V  [libjvm.dylib+0x1a7475]  oopDesc::size()+0x2d
V  [libjvm.dylib+0x49d6ed]  oopDesc* PSPromotionManager::copy_to_survivor_space<false>(oopDesc*)+0x35
V  [libjvm.dylib+0x49dc03]  PSPromotionManager::process_popped_location_depth(StarTask)+0x73
V  [libjvm.dylib+0x49cc21]  PSPromotionManager::drain_stacks_depth(bool)+0x117
V  [libjvm.dylib+0x1571e6]  CardTableExtension::scavenge_contents_parallel(ObjectStartArray*, MutableSpace*, HeapWord*, PSPromotionManager*, unsigned int, unsigned int)+0x380
V  [libjvm.dylib+0x4a0703]  OldToYoungRootsTask::do_it(GCTaskManager*, unsigned int)+0x4b
V  [libjvm.dylib+0x2713bf]  GCTaskThread::run()+0x1a1
V  [libjvm.dylib+0x46124a]  java_start(Thread*)+0xf6
C  [libsystem_pthread.dylib+0x6950]  _pthread_start+0xe0
C  [libsystem_pthread.dylib+0x247b]  thread_start+0xf


---------------  P R O C E S S  ---------------

Java Threads: ( => current thread )
  0x00007fdba5859800 JavaThread "Service Thread" daemon [_thread_blocked, id=15619, stack(0x000070000466e000,0x000070000476e000)]
  0x00007fdb85822000 JavaThread "C1 CompilerThread2" daemon [_thread_blocked, id=18435, stack(0x000070000456b000,0x000070000466b000)]
  0x00007fdba5838800 JavaThread "C2 CompilerThread1" daemon [_thread_blocked, id=18691, stack(0x0000700004468000,0x0000700004568000)]
  0x00007fdba603a800 JavaThread "C2 CompilerThread0" daemon [_thread_blocked, id=14595, stack(0x0000700004365000,0x0000700004465000)]
  0x00007fdba5837000 JavaThread "Signal Dispatcher" daemon [_thread_blocked, id=14087, stack(0x0000700004262000,0x0000700004362000)]
  0x00007fdba6017000 JavaThread "Finalizer" daemon [_thread_blocked, id=21507, stack(0x0000700003f53000,0x0000700004053000)]
  0x00007fdba6016800 JavaThread "Reference Handler" daemon [_thread_blocked, id=11267, stack(0x0000700003e50000,0x0000700003f50000)]
  0x00007fdba5809000 JavaThread "main" [_thread_blocked, id=775, stack(0x00007ffee4440000,0x00007ffee4c40000)]

Other Threads:
  0x00007fdba5836800 VMThread [stack: 0x0000700003d4d000,0x0000700003e4d000] [id=10755]
  0x00007fdba585a000 WatcherThread [stack: 0x0000700004771000,0x0000700004871000] [id=18179]

=>0x00007fdba5817800 (exited) GCTaskThread [stack: 0x0000700003c4a000,0x0000700003d4a000] [id=6915]

VM state:at safepoint (normal execution)

VM Mutex/Monitor currently owned by a thread:  ([mutex/lock_event])
[0x00007fdba550c2e0] Threads_lock - owner thread: 0x00007fdba5836800
[0x00007fdba550c7e0] Heap_lock - owner thread: 0x00007fdba5809000

heap address: 0x00000005c0000000, size: 8192 MB, Compressed Oops mode: Zero based, Oop shift amount: 3
Narrow klass base: 0x0000000000000000, Narrow klass shift: 3
Compressed class space size: 1073741824 Address: 0x00000007c0000000

Heap:
 PSYoungGen      total 2634752K, used 2586294K [0x0000000715580000, 0x00000007c0000000, 0x00000007c0000000)
  eden space 2474496K, 100% used [0x0000000715580000,0x00000007ac600000,0x00000007ac600000)
  from space 160256K, 69% used [0x00000007b6380000,0x00000007bd0adb88,0x00000007c0000000)
  to   space 160768K, 17% used [0x00000007ac600000,0x00000007ae0bc280,0x00000007b6300000)
 ParOldGen       total 651264K, used 418232K [0x00000005c0000000, 0x00000005e7c00000, 0x0000000715580000)
  object space 651264K, 64% used [0x00000005c0000000,0x00000005d986e278,0x00000005e7c00000)
 Metaspace       used 12918K, capacity 13644K, committed 13952K, reserved 1062912K
  class space    used 1053K, capacity 1096K, committed 1152K, reserved 1048576K

Card table byte_map: [0x000000010df6c000,0x000000010ef6d000] byte_map_base: 0x000000010b16c000

Marking Bits: (ParMarkBitMap*) 0x000000010d89b030
 Begin Bits: [0x00000001264e3000, 0x000000012e4e3000)
 End Bits:   [0x000000012e4e3000, 0x00000001364e3000)

Polling page: 0x000000010aff5000

CodeCache: size=245760Kb used=14018Kb max_used=14430Kb free=231741Kb
 bounds [0x00000001174e3000, 0x0000000118363000, 0x00000001264e3000]
 total_blobs=4052 nmethods=3774 adapters=189
 compilation: enabled

Compilation events (10 events):
Event: 24.788 Thread 0x00007fdba5838800 4826       4       quorum.Libraries.Language.Compile.Translate.ComparisonOpcode::WriteJavaScript (10 bytes)
Event: 24.789 Thread 0x00007fdb85822000 4827       3       quorum.Libraries.Language.Compile.Translate.AlertOpcode::WriteJavaScript (132 bytes)
Event: 24.789 Thread 0x00007fdba5838800 nmethod 4826 0x0000000117a8c590 code [0x0000000117a8c6e0, 0x0000000117a8c788]
Event: 24.790 Thread 0x00007fdb85822000 nmethod 4827 0x0000000117d6be90 code [0x0000000117d6c160, 0x0000000117d6d258]
Event: 24.881 Thread 0x00007fdba603a800 4828       4       quorum.Libraries.Language.Compile.Translate.ComparisonOpcode::Write (377 bytes)
Event: 24.881 Thread 0x00007fdba5838800 4829       4       quorum.Libraries.Language.Compile.Translate.ComparisonOpcode::WriteRight (63 bytes)
Event: 24.890 Thread 0x00007fdba5838800 nmethod 4829 0x0000000117cedd90 code [0x0000000117cedfc0, 0x0000000117cee9d0]
Event: 24.933 Thread 0x00007fdb85822000 4830       3       quorum.Libraries.Language.Compile.Symbol.Variable::GetJavaScriptName (1183 bytes)
Event: 24.935 Thread 0x00007fdb85822000 nmethod 4830 0x0000000117a2ea90 code [0x0000000117a2f1a0, 0x0000000117a346f8]
Event: 24.953 Thread 0x00007fdba603a800 nmethod 4828 0x00000001181d4d90 code [0x00000001181d52a0, 0x00000001181d85f8]

GC Heap History (10 events):
Event: 22.924 GC heap after
Heap after GC invocations=31 (full 1):
 PSYoungGen      total 2638848K, used 107534K [0x0000000715580000, 0x00000007c0000000, 0x00000007c0000000)
  eden space 2487808K, 0% used [0x0000000715580000,0x0000000715580000,0x00000007ad300000)
  from space 151040K, 71% used [0x00000007b6c80000,0x00000007bd5838d8,0x00000007c0000000)
  to   space 154112K, 0% used [0x00000007ad300000,0x00000007ad300000,0x00000007b6980000)
 ParOldGen       total 651264K, used 397200K [0x00000005c0000000, 0x00000005e7c00000, 0x0000000715580000)
  object space 651264K, 60% used [0x00000005c0000000,0x00000005d83e40f8,0x00000005e7c00000)
 Metaspace       used 12821K, capacity 13580K, committed 13696K, reserved 1062912K
  class space    used 1047K, capacity 1096K, committed 1152K, reserved 1048576K
}
Event: 23.357 GC heap before
{Heap before GC invocations=32 (full 1):
 PSYoungGen      total 2638848K, used 2585277K [0x0000000715580000, 0x00000007c0000000, 0x00000007c0000000)
  eden space 2487808K, 99% used [0x0000000715580000,0x00000007ac92be48,0x00000007ad300000)
  from space 151040K, 71% used [0x00000007b6c80000,0x00000007bd5838d8,0x00000007c0000000)
  to   space 154112K, 0% used [0x00000007ad300000,0x00000007ad300000,0x00000007b6980000)
 ParOldGen       total 651264K, used 397200K [0x00000005c0000000, 0x00000005e7c00000, 0x0000000715580000)
  object space 651264K, 60% used [0x00000005c0000000,0x00000005d83e40f8,0x00000005e7c00000)
 Metaspace       used 12825K, capacity 13580K, committed 13696K, reserved 1062912K
  class space    used 1047K, capacity 1096K, committed 1152K, reserved 1048576K
Event: 23.400 GC heap after
Heap after GC invocations=32 (full 1):
 PSYoungGen      total 2598400K, used 110464K [0x0000000715580000, 0x00000007c0000000, 0x00000007c0000000)
  eden space 2487808K, 0% used [0x0000000715580000,0x0000000715580000,0x00000007ad300000)
  from space 110592K, 99% used [0x00000007ad300000,0x00000007b3ee0030,0x00000007b3f00000)
  to   space 157184K, 0% used [0x00000007b6680000,0x00000007b6680000,0x00000007c0000000)
 ParOldGen       total 651264K, used 403891K [0x00000005c0000000, 0x00000005e7c00000, 0x0000000715580000)
  object space 651264K, 62% used [0x00000005c0000000,0x00000005d8a6cc58,0x00000005e7c00000)
 Metaspace       used 12825K, capacity 13580K, committed 13696K, reserved 1062912K
  class space    used 1047K, capacity 1096K, committed 1152K, reserved 1048576K
}
Event: 23.789 GC heap before
{Heap before GC invocations=33 (full 1):
 PSYoungGen      total 2598400K, used 2580422K [0x0000000715580000, 0x00000007c0000000, 0x00000007c0000000)
  eden space 2487808K, 99% used [0x0000000715580000,0x00000007ac1918d0,0x00000007ad300000)
  from space 110592K, 99% used [0x00000007ad300000,0x00000007b3ee0030,0x00000007b3f00000)
  to   space 157184K, 0% used [0x00000007b6680000,0x00000007b6680000,0x00000007c0000000)
 ParOldGen       total 651264K, used 403891K [0x00000005c0000000, 0x00000005e7c00000, 0x0000000715580000)
  object space 651264K, 62% used [0x00000005c0000000,0x00000005d8a6cc58,0x00000005e7c00000)
 Metaspace       used 12826K, capacity 13580K, committed 13696K, reserved 1062912K
  class space    used 1047K, capacity 1096K, committed 1152K, reserved 1048576K
Event: 23.838 GC heap after
Heap after GC invocations=33 (full 1):
 PSYoungGen      total 2635776K, used 110328K [0x0000000715580000, 0x00000007c0000000, 0x00000007c0000000)
  eden space 2478592K, 0% used [0x0000000715580000,0x0000000715580000,0x00000007aca00000)
  from space 157184K, 70% used [0x00000007b6680000,0x00000007bd23e210,0x00000007c0000000)
  to   space 158720K, 0% used [0x00000007aca00000,0x00000007aca00000,0x00000007b6500000)
 ParOldGen       total 651264K, used 408659K [0x00000005c0000000, 0x00000005e7c00000, 0x0000000715580000)
  object space 651264K, 62% used [0x00000005c0000000,0x00000005d8f14e98,0x00000005e7c00000)
 Metaspace       used 12826K, capacity 13580K, committed 13696K, reserved 1062912K
  class space    used 1047K, capacity 1096K, committed 1152K, reserved 1048576K
}
Event: 24.210 GC heap before
{Heap before GC invocations=34 (full 1):
 PSYoungGen      total 2635776K, used 2588920K [0x0000000715580000, 0x00000007c0000000, 0x00000007c0000000)
  eden space 2478592K, 100% used [0x0000000715580000,0x00000007aca00000,0x00000007aca00000)
  from space 157184K, 70% used [0x00000007b6680000,0x00000007bd23e210,0x00000007c0000000)
  to   space 158720K, 0% used [0x00000007aca00000,0x00000007aca00000,0x00000007b6500000)
 ParOldGen       total 651264K, used 408659K [0x00000005c0000000, 0x00000005e7c00000, 0x0000000715580000)
  object space 651264K, 62% used [0x00000005c0000000,0x00000005d8f14e98,0x00000005e7c00000)
 Metaspace       used 12826K, capacity 13580K, committed 13696K, reserved 1062912K
  class space    used 1047K, capacity 1096K, committed 1152K, reserved 1048576K
Event: 24.246 GC heap after
Heap after GC invocations=34 (full 1):
 PSYoungGen      total 2589696K, used 111054K [0x0000000715580000, 0x00000007c0000000, 0x00000007c0000000)
  eden space 2478592K, 0% used [0x0000000715580000,0x0000000715580000,0x00000007aca00000)
  from space 111104K, 99% used [0x00000007aca00000,0x00000007b3673958,0x00000007b3680000)
  to   space 160256K, 0% used [0x00000007b6380000,0x00000007b6380000,0x00000007c0000000)
 ParOldGen       total 651264K, used 414172K [0x00000005c0000000, 0x00000005e7c00000, 0x0000000715580000)
  object space 651264K, 63% used [0x00000005c0000000,0x00000005d94770f8,0x00000005e7c00000)
 Metaspace       used 12826K, capacity 13580K, committed 13696K, reserved 1062912K
  class space    used 1047K, capacity 1096K, committed 1152K, reserved 1048576K
}
Event: 24.570 GC heap before
{Heap before GC invocations=35 (full 1):
 PSYoungGen      total 2589696K, used 2589646K [0x0000000715580000, 0x00000007c0000000, 0x00000007c0000000)
  eden space 2478592K, 100% used [0x0000000715580000,0x00000007aca00000,0x00000007aca00000)
  from space 111104K, 99% used [0x00000007aca00000,0x00000007b3673958,0x00000007b3680000)
  to   space 160256K, 0% used [0x00000007b6380000,0x00000007b6380000,0x00000007c0000000)
 ParOldGen       total 651264K, used 414172K [0x00000005c0000000, 0x00000005e7c00000, 0x0000000715580000)
  object space 651264K, 63% used [0x00000005c0000000,0x00000005d94770f8,0x00000005e7c00000)
 Metaspace       used 12828K, capacity 13580K, committed 13696K, reserved 1062912K
  class space    used 1047K, capacity 1096K, committed 1152K, reserved 1048576K
Event: 24.603 GC heap after
Heap after GC invocations=35 (full 1):
 PSYoungGen      total 2634752K, used 111798K [0x0000000715580000, 0x00000007c0000000, 0x00000007c0000000)
  eden space 2474496K, 0% used [0x0000000715580000,0x0000000715580000,0x00000007ac600000)
  from space 160256K, 69% used [0x00000007b6380000,0x00000007bd0adb88,0x00000007c0000000)
  to   space 160768K, 0% used [0x00000007ac600000,0x00000007ac600000,0x00000007b6300000)
 ParOldGen       total 651264K, used 417940K [0x00000005c0000000, 0x00000005e7c00000, 0x0000000715580000)
  object space 651264K, 64% used [0x00000005c0000000,0x00000005d9825248,0x00000005e7c00000)
 Metaspace       used 12828K, capacity 13580K, committed 13696K, reserved 1062912K
  class space    used 1047K, capacity 1096K, committed 1152K, reserved 1048576K
}
Event: 25.042 GC heap before
{Heap before GC invocations=36 (full 1):
 PSYoungGen      total 2634752K, used 2586294K [0x0000000715580000, 0x00000007c0000000, 0x00000007c0000000)
  eden space 2474496K, 100% used [0x0000000715580000,0x00000007ac600000,0x00000007ac600000)
  from space 160256K, 69% used [0x00000007b6380000,0x00000007bd0adb88,0x00000007c0000000)
  to   space 160768K, 0% used [0x00000007ac600000,0x00000007ac600000,0x00000007b6300000)
 ParOldGen       total 651264K, used 417940K [0x00000005c0000000, 0x00000005e7c00000, 0x0000000715580000)
  object space 651264K, 64% used [0x00000005c0000000,0x00000005d9825248,0x00000005e7c00000)
 Metaspace       used 12918K, capacity 13644K, committed 13952K, reserved 1062912K
  class space    used 1053K, capacity 1096K, committed 1152K, reserved 1048576K

Deoptimization events (10 events):
Event: 14.960 Thread 0x00007fdba5809000 Uncommon trap: reason=unstable_if action=reinterpret pc=0x0000000117fcf6e4 method=org.objectweb.asm.MethodWriter.a(Lorg/objectweb/asm/ByteVector;)V @ 554
Event: 15.694 Thread 0x00007fdba5809000 Uncommon trap: reason=unstable_if action=reinterpret pc=0x0000000117723f04 method=quorum.Libraries.Language.Compile.Symbol.Variable.GetJavaScriptName()Ljava/lang/String; @ 719
Event: 15.953 Thread 0x00007fdba5809000 Uncommon trap: reason=unstable_if action=reinterpret pc=0x0000000117d33410 method=org.objectweb.asm.MethodWriter.visitMaxs(II)V @ 358
Event: 16.053 Thread 0x00007fdba5809000 Uncommon trap: reason=unstable_if action=reinterpret pc=0x0000000117bd7794 method=quorum.Libraries.Language.Compile.Translate.ActionCallOpcode.WriteJavaScript()Ljava/lang/String; @ 743
Event: 16.685 Thread 0x00007fdba5809000 Uncommon trap: reason=unstable_if action=reinterpret pc=0x0000000117ce614c method=quorum.Libraries.Language.Compile.Symbol.Variable.GetJavaScriptName()Ljava/lang/String; @ 593
Event: 18.218 Thread 0x00007fdba5809000 Uncommon trap: reason=unstable_if action=reinterpret pc=0x0000000117ff95b8 method=org.objectweb.asm.MethodWriter.c()V @ 224
Event: 18.451 Thread 0x00007fdba5809000 Uncommon trap: reason=unstable_if action=reinterpret pc=0x00000001177d4548 method=quorum.Libraries.Language.Compile.Symbol.Variable.GetJavaScriptName()Ljava/lang/String; @ 89
Event: 18.827 Thread 0x00007fdba5809000 Uncommon trap: reason=unstable_if action=reinterpret pc=0x0000000117d45be4 method=quorum.Libraries.Language.Compile.Translate.QuorumConstant.WriteJavaScript()Ljava/lang/String; @ 166
Event: 19.180 Thread 0x00007fdba5809000 Uncommon trap: reason=unstable_if action=reinterpret pc=0x0000000117a3fdd0 method=quorum.Libraries.Language.Compile.Symbol.Variable.GetJavaScriptName()Ljava/lang/String; @ 107
Event: 24.917 Thread 0x00007fdba5809000 Uncommon trap: reason=unstable_if action=reinterpret pc=0x0000000117a2d9b0 method=quorum.Libraries.Language.Compile.Symbol.Variable.GetJavaScriptName()Ljava/lang/String; @ 35

Classes redefined (0 events):
No events

Internal exceptions (6 events):
Event: 0.022 Thread 0x00007fdba5809000 Exception <a 'java/lang/NoSuchMethodError': Method sun.misc.Unsafe.defineClass(Ljava/lang/String;[BII)Ljava/lang/Class; name or signature does not match> (0x0000000715587cb0) thrown at [/Users/jenkins/workspace/build-scripts/jobs/jdk8u/jdk8u-mac-x64-hotsp
Event: 0.022 Thread 0x00007fdba5809000 Exception <a 'java/lang/NoSuchMethodError': Method sun.misc.Unsafe.prefetchRead(Ljava/lang/Object;J)V name or signature does not match> (0x0000000715587f98) thrown at [/Users/jenkins/workspace/build-scripts/jobs/jdk8u/jdk8u-mac-x64-hotspot/workspace/build
Event: 3.238 Thread 0x00007fdba5809000 Implicit null exception at 0x0000000117c309ca to 0x0000000117c30b15
Event: 4.180 Thread 0x00007fdba5809000 Implicit null exception at 0x0000000117e7148d to 0x0000000117e7361d
Event: 4.698 Thread 0x00007fdba5809000 Implicit null exception at 0x0000000117e1a250 to 0x0000000117e1a40d
Event: 6.074 Thread 0x00007fdba5809000 Implicit null exception at 0x0000000117c2d31a to 0x0000000117c2d95d

Events (10 events):
Event: 24.917 Thread 0x00007fdba5809000 Uncommon trap: trap_request=0xffffff65 fr.pc=0x0000000117a2d9b0
Event: 24.917 Thread 0x00007fdba5809000 DEOPT PACKING pc=0x0000000117a2d9b0 sp=0x00007ffee4c3c730
Event: 24.917 Thread 0x00007fdba5809000 DEOPT UNPACKING pc=0x000000011752847a sp=0x00007ffee4c3c6f8 mode 2
Event: 24.959 loading class quorum/Libraries/Game/Collision/Shapes/Polygon_
Event: 24.959 loading class quorum/Libraries/Game/Collision/Shapes/Polygon_ done
Event: 24.960 loading class quorum/Libraries/Game/Collision/Shapes/CollisionShape2D_
Event: 24.960 loading class quorum/Libraries/Game/Collision/Shapes/CollisionShape2D_ done
Event: 24.960 loading class quorum/Libraries/Game/Collision/Shapes/Polygon
Event: 24.960 loading class quorum/Libraries/Game/Collision/Shapes/Polygon done
Event: 25.042 Executing VM operation: ParallelGCFailedAllocation


Dynamic libraries:
0x00007fff34f1d000 	/System/Library/Frameworks/Cocoa.framework/Versions/A/Cocoa
0x00007fff221d8000 	/System/Library/Frameworks/Security.framework/Versions/A/Security
0x00007fff3316c000 	/System/Library/Frameworks/ApplicationServices.framework/Versions/A/ApplicationServices
0x00007fff2a445000 	/usr/lib/libz.1.dylib
0x00007fff2a50d000 	/usr/lib/libSystem.B.dylib
0x00007fff201c2000 	/usr/lib/libobjc.A.dylib
0x00007fff2114c000 	/System/Library/Frameworks/Foundation.framework/Versions/C/Foundation
0x00007fff203a2000 	/System/Library/Frameworks/CoreFoundation.framework/Versions/A/CoreFoundation
0x00007fff22bfc000 	/System/Library/Frameworks/AppKit.framework/Versions/C/AppKit
0x00007fff25a85000 	/System/Library/Frameworks/CoreData.framework/Versions/A/CoreData
0x00007fff23959000 	/System/Library/PrivateFrameworks/UIFoundation.framework/Versions/A/UIFoundation
0x00007fff2fb4f000 	/System/Library/PrivateFrameworks/RemoteViewServices.framework/Versions/A/RemoteViewServices
0x00007fff28971000 	/System/Library/PrivateFrameworks/XCTTargetBootstrap.framework/Versions/A/XCTTargetBootstrap
0x00007fff2b64c000 	/usr/lib/libspindump.dylib
0x00007fff23bad000 	/System/Library/Frameworks/UniformTypeIdentifiers.framework/Versions/A/UniformTypeIdentifiers
0x00007fff27143000 	/usr/lib/libapp_launch_measurement.dylib
0x00007fff27146000 	/System/Library/PrivateFrameworks/CoreAutoLayout.framework/Versions/A/CoreAutoLayout
0x00007fff282d2000 	/System/Library/Frameworks/Metal.framework/Versions/A/Metal
0x00007fff28fc0000 	/usr/lib/liblangid.dylib
0x00007fff28975000 	/System/Library/PrivateFrameworks/CoreSVG.framework/Versions/A/CoreSVG
0x00007fff24b94000 	/System/Library/PrivateFrameworks/SkyLight.framework/Versions/A/SkyLight
0x00007fff24ef3000 	/System/Library/Frameworks/CoreGraphics.framework/Versions/A/CoreGraphics
0x00007fff301a6000 	/System/Library/Frameworks/Accelerate.framework/Versions/A/Accelerate
0x00007fff2b087000 	/System/Library/PrivateFrameworks/IconServices.framework/Versions/A/IconServices
0x00007fff282b3000 	/System/Library/Frameworks/IOSurface.framework/Versions/A/IOSurface
0x00007fff2640d000 	/usr/lib/libDiagnosticMessagesClient.dylib
0x00007fff2895d000 	/System/Library/PrivateFrameworks/DFRFoundation.framework/Versions/A/DFRFoundation
0x00007fff22528000 	/usr/lib/libicucore.A.dylib
0x00007fff2cb89000 	/System/Library/Frameworks/AudioToolbox.framework/Versions/A/AudioToolbox
0x00007fff2be34000 	/System/Library/PrivateFrameworks/DataDetectorsCore.framework/Versions/A/DataDetectorsCore
0x00007fff2865d000 	/System/Library/Frameworks/Carbon.framework/Versions/A/Frameworks/HIToolbox.framework/Versions/A/HIToolbox
0x00007fff26ba6000 	/System/Library/Frameworks/QuartzCore.framework/Versions/A/QuartzCore
0x00007fff2fb8b000 	/System/Library/Frameworks/Carbon.framework/Versions/A/Frameworks/SpeechRecognition.framework/Versions/A/SpeechRecognition
0x00007fff26eab000 	/System/Library/PrivateFrameworks/CoreUI.framework/Versions/A/CoreUI
0x00007fff21b34000 	/System/Library/Frameworks/CoreAudio.framework/Versions/A/CoreAudio
0x00007fff264f8000 	/System/Library/Frameworks/DiskArbitration.framework/Versions/A/DiskArbitration
0x00007fff2ba45000 	/System/Library/PrivateFrameworks/MultitouchSupport.framework/Versions/A/MultitouchSupport
0x00007fff2be2b000 	/System/Library/PrivateFrameworks/InternationalSupport.framework/Versions/A/InternationalSupport
0x00007fff24b08000 	/usr/lib/libenergytrace.dylib
0x00007fff22af6000 	/System/Library/Frameworks/IOKit.framework/Versions/A/IOKit
0x00007fff2fed8000 	/System/Library/Frameworks/CoreServices.framework/Versions/A/CoreServices
0x00007fff270d9000 	/System/Library/PrivateFrameworks/PerformanceAnalysis.framework/Versions/A/PerformanceAnalysis
0x00007fff6b3c0000 	/System/Library/Frameworks/OpenGL.framework/Versions/A/OpenGL
0x00007fff2beb0000 	/System/Library/PrivateFrameworks/UserActivity.framework/Versions/A/UserActivity
0x00007fff25587000 	/System/Library/Frameworks/ColorSync.framework/Versions/A/ColorSync
0x00007fff28bd9000 	/System/Library/Frameworks/CoreImage.framework/Versions/A/CoreImage
0x00007fff2194a000 	/System/Library/Frameworks/CoreText.framework/Versions/A/CoreText
0x00007fff2899f000 	/System/Library/Frameworks/ImageIO.framework/Versions/A/ImageIO
0x00007fff2a513000 	/System/Library/PrivateFrameworks/SoftLinking.framework/Versions/A/SoftLinking
0x00007fff2718f000 	/usr/lib/libxml2.2.dylib
0x00007fff20287000 	/usr/lib/libc++.1.dylib
0x00007fff2a785000 	/usr/lib/libcompression.dylib
0x00007fff24b09000 	/usr/lib/libMobileGestalt.dylib
0x00007fff2bd5e000 	/System/Library/PrivateFrameworks/TextureIO.framework/Versions/A/TextureIO
0x00007fff2adab000 	/usr/lib/libate.dylib
0x00007fff2a507000 	/usr/lib/system/libcache.dylib
0x00007fff2a4c3000 	/usr/lib/system/libcommonCrypto.dylib
0x00007fff2a4ed000 	/usr/lib/system/libcompiler_rt.dylib
0x00007fff2a4e2000 	/usr/lib/system/libcopyfile.dylib
0x00007fff200b4000 	/usr/lib/system/libcorecrypto.dylib
0x00007fff2017d000 	/usr/lib/system/libdispatch.dylib
0x00007fff20331000 	/usr/lib/system/libdyld.dylib
0x00007fff2a4fe000 	/usr/lib/system/libkeymgr.dylib
0x00007fff2d938000 	/usr/lib/system/liblaunch.dylib
0x00007fff2a4a1000 	/usr/lib/system/libmacho.dylib
0x00007fff29cbc000 	/usr/lib/system/libquarantine.dylib
0x00007fff2a4fb000 	/usr/lib/system/libremovefile.dylib
0x00007fff24b65000 	/usr/lib/system/libsystem_asl.dylib
0x00007fff20064000 	/usr/lib/system/libsystem_blocks.dylib
0x00007fff201fe000 	/usr/lib/system/libsystem_c.dylib
0x00007fff2a4f5000 	/usr/lib/system/libsystem_collections.dylib
0x00007fff28fb1000 	/usr/lib/system/libsystem_configuration.dylib
0x00007fff282a2000 	/usr/lib/system/libsystem_containermanager.dylib
0x00007fff2a23d000 	/usr/lib/system/libsystem_coreservices.dylib
0x00007fff2278a000 	/usr/lib/system/libsystem_darwin.dylib
0x00007fff2a4ff000 	/usr/lib/system/libsystem_dnssd.dylib
0x00007fff201fb000 	/usr/lib/system/libsystem_featureflags.dylib
0x00007fff20376000 	/usr/lib/system/libsystem_info.dylib
0x00007fff2a458000 	/usr/lib/system/libsystem_m.dylib
0x00007fff20150000 	/usr/lib/system/libsystem_malloc.dylib
0x00007fff24af9000 	/usr/lib/system/libsystem_networkextension.dylib
0x00007fff22ba4000 	/usr/lib/system/libsystem_notify.dylib
0x00007fff2fdd6000 	/usr/lib/system/libsystem_product_info_filter.dylib
0x00007fff28fb5000 	/usr/lib/system/libsystem_sandbox.dylib
0x00007fff2a4f8000 	/usr/lib/system/libsystem_secinit.dylib
0x00007fff202f6000 	/usr/lib/system/libsystem_kernel.dylib
0x00007fff2036c000 	/usr/lib/system/libsystem_platform.dylib
0x00007fff20325000 	/usr/lib/system/libsystem_pthread.dylib
0x00007fff2625b000 	/usr/lib/system/libsystem_symptoms.dylib
0x00007fff2009c000 	/usr/lib/system/libsystem_trace.dylib
0x00007fff2a4cf000 	/usr/lib/system/libunwind.dylib
0x00007fff20066000 	/usr/lib/system/libxpc.dylib
0x00007fff202dd000 	/usr/lib/libc++abi.dylib
0x00007fff2a4da000 	/usr/lib/liboah.dylib
0x00007fff2ab90000 	/usr/lib/liblzma.5.dylib
0x00007fff20e62000 	/System/Library/Frameworks/SystemConfiguration.framework/Versions/A/SystemConfiguration
0x00007fff2a50f000 	/usr/lib/libfakelink.dylib
0x00007fff2465b000 	/System/Library/Frameworks/CFNetwork.framework/Versions/A/CFNetwork
0x00007fff2a64f000 	/usr/lib/libarchive.2.dylib
0x00007fff20edf000 	/usr/lib/libCRFSuite.dylib
0x00007fff29ce3000 	/usr/lib/libbsm.0.dylib
0x00007fff24017000 	/usr/lib/libnetwork.dylib
0x00007fff2a514000 	/usr/lib/libpcap.A.dylib
0x00007fff26254000 	/usr/lib/libdns_services.dylib
0x00007fff2aba9000 	/usr/lib/libcoretls_cfhelpers.dylib
0x00007fff2a753000 	/usr/lib/libapple_nghttp2.dylib
0x00007fff2a4a7000 	/usr/lib/system/libkxld.dylib
0x00007fff25eba000 	/usr/lib/libsqlite3.dylib
0x00007fff2a21f000 	/System/Library/PrivateFrameworks/AppleFSCompression.framework/Versions/A/AppleFSCompression
0x00007fff29ccb000 	/usr/lib/libcoretls.dylib
0x00007fff2a780000 	/usr/lib/libpam.2.dylib
0x00007fff2aca6000 	/usr/lib/libxar.1.dylib
0x00007fff28fbc000 	/System/Library/PrivateFrameworks/AppleSystemInfo.framework/Versions/A/AppleSystemInfo
0x00007fff2990e000 	/System/Library/PrivateFrameworks/IOMobileFramebuffer.framework/Versions/A/IOMobileFramebuffer
0x00007fff2a22f000 	/usr/lib/libbz2.1.0.dylib
0x00007fff2a54c000 	/usr/lib/libiconv.2.dylib
0x00007fff2a4a0000 	/usr/lib/libcharset.1.dylib
0x00007fff27115000 	/System/Library/Frameworks/CoreServices.framework/Versions/A/Frameworks/FSEvents.framework/Versions/A/FSEvents
0x00007fff22794000 	/System/Library/Frameworks/CoreServices.framework/Versions/A/Frameworks/CarbonCore.framework/Versions/A/CarbonCore
0x00007fff2645d000 	/System/Library/Frameworks/CoreServices.framework/Versions/A/Frameworks/Metadata.framework/Versions/A/Metadata
0x00007fff2a242000 	/System/Library/Frameworks/CoreServices.framework/Versions/A/Frameworks/OSServices.framework/Versions/A/OSServices
0x00007fff2a6c1000 	/System/Library/Frameworks/CoreServices.framework/Versions/A/Frameworks/SearchKit.framework/Versions/A/SearchKit
0x00007fff261de000 	/System/Library/Frameworks/CoreServices.framework/Versions/A/Frameworks/AE.framework/Versions/A/AE
0x00007fff2083e000 	/System/Library/Frameworks/CoreServices.framework/Versions/A/Frameworks/LaunchServices.framework/Versions/A/LaunchServices
0x00007fff2ab41000 	/System/Library/Frameworks/CoreServices.framework/Versions/A/Frameworks/DictionaryServices.framework/Versions/A/DictionaryServices
0x00007fff2711e000 	/System/Library/Frameworks/CoreServices.framework/Versions/A/Frameworks/SharedFileList.framework/Versions/A/SharedFileList
0x00007fff29cbf000 	/usr/lib/libCheckFix.dylib
0x00007fff24b7c000 	/System/Library/PrivateFrameworks/TCC.framework/Versions/A/TCC
0x00007fff28fc2000 	/System/Library/PrivateFrameworks/CoreNLP.framework/Versions/A/CoreNLP
0x00007fff26410000 	/System/Library/PrivateFrameworks/MetadataUtilities.framework/Versions/A/MetadataUtilities
0x00007fff20f15000 	/usr/lib/libmecabra.dylib
0x00007fff29fd2000 	/System/Library/Frameworks/MLCompute.framework/Versions/A/MLCompute
0x00007fff29cf4000 	/usr/lib/libmecab.dylib
0x00007fff29d3e000 	/usr/lib/libgermantok.dylib
0x00007fff2a729000 	/usr/lib/libThaiTokenizer.dylib
0x00007fff2ace1000 	/usr/lib/libChineseTokenizer.dylib
0x00007fff2a77e000 	/System/Library/Frameworks/MetalPerformanceShaders.framework/Versions/A/MetalPerformanceShaders
0x00007fff264ff000 	/System/Library/Frameworks/Accelerate.framework/Versions/A/Frameworks/vImage.framework/Versions/A/vImage
0x00007fff2feb1000 	/System/Library/Frameworks/Accelerate.framework/Versions/A/Frameworks/vecLib.framework/Versions/A/vecLib
0x00007fff2acec000 	/System/Library/Frameworks/Accelerate.framework/Versions/A/Frameworks/vecLib.framework/Versions/A/libvMisc.dylib
0x00007fff29727000 	/System/Library/Frameworks/Accelerate.framework/Versions/A/Frameworks/vecLib.framework/Versions/A/libvDSP.dylib
0x00007fff20b41000 	/System/Library/Frameworks/Accelerate.framework/Versions/A/Frameworks/vecLib.framework/Versions/A/libBLAS.dylib
0x00007fff2a7a4000 	/System/Library/Frameworks/Accelerate.framework/Versions/A/Frameworks/vecLib.framework/Versions/A/libLAPACK.dylib
0x00007fff29d44000 	/System/Library/Frameworks/Accelerate.framework/Versions/A/Frameworks/vecLib.framework/Versions/A/libLinearAlgebra.dylib
0x00007fff2a76b000 	/System/Library/Frameworks/Accelerate.framework/Versions/A/Frameworks/vecLib.framework/Versions/A/libSparseBLAS.dylib
0x00007fff2a79e000 	/System/Library/Frameworks/Accelerate.framework/Versions/A/Frameworks/vecLib.framework/Versions/A/libQuadrature.dylib
0x00007fff2906a000 	/System/Library/Frameworks/Accelerate.framework/Versions/A/Frameworks/vecLib.framework/Versions/A/libBNNS.dylib
0x00007fff20df3000 	/System/Library/Frameworks/Accelerate.framework/Versions/A/Frameworks/vecLib.framework/Versions/A/libSparse.dylib
0x00007fff28f55000 	/System/Library/Frameworks/MetalPerformanceShaders.framework/Versions/A/Frameworks/MPSCore.framework/Versions/A/MPSCore
0x00007fff2a18e000 	/System/Library/Frameworks/MetalPerformanceShaders.framework/Versions/A/Frameworks/MPSImage.framework/Versions/A/MPSImage
0x00007fff29d5a000 	/System/Library/Frameworks/MetalPerformanceShaders.framework/Versions/A/Frameworks/MPSNeuralNetwork.framework/Versions/A/MPSNeuralNetwork
0x00007fff2a119000 	/System/Library/Frameworks/MetalPerformanceShaders.framework/Versions/A/Frameworks/MPSMatrix.framework/Versions/A/MPSMatrix
0x00007fff29f82000 	/System/Library/Frameworks/MetalPerformanceShaders.framework/Versions/A/Frameworks/MPSRayIntersector.framework/Versions/A/MPSRayIntersector
0x00007fff2a150000 	/System/Library/Frameworks/MetalPerformanceShaders.framework/Versions/A/Frameworks/MPSNDArray.framework/Versions/A/MPSNDArray
0x00007fff20a6d000 	/System/Library/PrivateFrameworks/MetalTools.framework/Versions/A/MetalTools
0x00007fff28fba000 	/System/Library/PrivateFrameworks/AggregateDictionary.framework/Versions/A/AggregateDictionary
0x00007fff263e8000 	/System/Library/PrivateFrameworks/CoreAnalytics.framework/Versions/A/CoreAnalytics
0x00007fff2a72b000 	/System/Library/PrivateFrameworks/AppleSauce.framework/Versions/A/AppleSauce
0x00007fff282c5000 	/System/Library/PrivateFrameworks/IOAccelerator.framework/Versions/A/IOAccelerator
0x00007fff6b3b4000 	/System/Library/Frameworks/OpenGL.framework/Versions/A/Libraries/libCoreFSCache.dylib
0x00007fff214b0000 	/System/Library/PrivateFrameworks/LanguageModeling.framework/Versions/A/LanguageModeling
0x00007fff298fb000 	/System/Library/PrivateFrameworks/CoreEmoji.framework/Versions/A/CoreEmoji
0x00007fff29063000 	/System/Library/PrivateFrameworks/LinguisticData.framework/Versions/A/LinguisticData
0x00007fff20da5000 	/System/Library/PrivateFrameworks/Lexicon.framework/Versions/A/Lexicon
0x00007fff2a63d000 	/usr/lib/libcmph.dylib
0x00007fff270f5000 	/System/Library/Frameworks/OpenDirectory.framework/Versions/A/Frameworks/CFOpenDirectory.framework/Versions/A/CFOpenDirectory
0x00007fff270e5000 	/System/Library/Frameworks/OpenDirectory.framework/Versions/A/OpenDirectory
0x00007fff2abab000 	/System/Library/PrivateFrameworks/APFS.framework/Versions/A/APFS
0x00007fff29c20000 	/System/Library/Frameworks/SecurityFoundation.framework/Versions/A/SecurityFoundation
0x00007fff2acb4000 	/usr/lib/libutil.dylib
0x00007fff22abb000 	/System/Library/PrivateFrameworks/CoreServicesStore.framework/Versions/A/CoreServicesStore
0x00007fff29cb7000 	/System/Library/Frameworks/ServiceManagement.framework/Versions/A/ServiceManagement
0x00007fff2acb8000 	/usr/lib/libxslt.1.dylib
0x00007fff29cad000 	/System/Library/PrivateFrameworks/BackgroundTaskManagement.framework/Versions/A/BackgroundTaskManagement
0x00007fff2bca8000 	/System/Library/Frameworks/ImageIO.framework/Versions/A/Resources/libRadiance.dylib
0x00007fff2bcb2000 	/System/Library/Frameworks/ImageIO.framework/Versions/A/Resources/libJPEG.dylib
0x00007fff2bbff000 	/System/Library/Frameworks/ImageIO.framework/Versions/A/Resources/libPng.dylib
0x00007fff2bc26000 	/System/Library/Frameworks/ImageIO.framework/Versions/A/Resources/libTIFF.dylib
0x00007fff2bd07000 	/System/Library/Frameworks/ImageIO.framework/Versions/A/Resources/libGIF.dylib
0x00007fff2b962000 	/System/Library/Frameworks/ImageIO.framework/Versions/A/Resources/libJP2.dylib
0x00007fff2b04e000 	/usr/lib/libexpat.1.dylib
0x00007fff2b918000 	/System/Library/PrivateFrameworks/AppleJPEG.framework/Versions/A/AppleJPEG
0x00007fff28500000 	/System/Library/PrivateFrameworks/FontServices.framework/libFontParser.dylib
0x00007fff26192000 	/System/Library/PrivateFrameworks/RunningBoardServices.framework/Versions/A/RunningBoardServices
0x00007fff2ba41000 	/System/Library/PrivateFrameworks/WatchdogClient.framework/Versions/A/WatchdogClient
0x00007fff2159d000 	/System/Library/Frameworks/CoreDisplay.framework/Versions/A/CoreDisplay
0x00007fff28415000 	/System/Library/Frameworks/CoreMedia.framework/Versions/A/CoreMedia
0x00007fff27272000 	/System/Library/Frameworks/CoreVideo.framework/Versions/A/CoreVideo
0x00007fff2ba79000 	/System/Library/Frameworks/VideoToolbox.framework/Versions/A/VideoToolbox
0x00007fff26110000 	/System/Library/PrivateFrameworks/BaseBoard.framework/Versions/A/BaseBoard
0x00007fff2b193000 	/System/Library/PrivateFrameworks/PersistentConnection.framework/Versions/A/PersistentConnection
0x00007fff25ea3000 	/System/Library/PrivateFrameworks/ProtocolBuffer.framework/Versions/A/ProtocolBuffer
0x00007fff260f7000 	/System/Library/PrivateFrameworks/CommonUtilities.framework/Versions/A/CommonUtilities
0x00007fff2b8ad000 	/System/Library/PrivateFrameworks/Bom.framework/Versions/A/Bom
0x00007fff2bca1000 	/System/Library/PrivateFrameworks/GPUWrangler.framework/Versions/A/GPUWrangler
0x00007fff2bc84000 	/System/Library/PrivateFrameworks/IOPresentment.framework/Versions/A/IOPresentment
0x00007fff2bcac000 	/System/Library/PrivateFrameworks/DSExternalDisplay.framework/Versions/A/DSExternalDisplay
0x00007fff2bd0c000 	/System/Library/PrivateFrameworks/CMCaptureCore.framework/Versions/A/CMCaptureCore
0x00007fff2b633000 	/System/Library/PrivateFrameworks/AppServerSupport.framework/Versions/A/AppServerSupport
0x00007fff2d6d9000 	/System/Library/PrivateFrameworks/perfdata.framework/Versions/A/perfdata
0x00007fff29c0f000 	/System/Library/PrivateFrameworks/AssertionServices.framework/Versions/A/AssertionServices
0x00007fff216d4000 	/System/Library/PrivateFrameworks/AudioToolboxCore.framework/Versions/A/AudioToolboxCore
0x00007fff283f8000 	/System/Library/PrivateFrameworks/caulk.framework/Versions/A/caulk
0x00007fff3c973000 	/System/Library/PrivateFrameworks/SystemPolicy.framework/Versions/A/SystemPolicy
0x00007fff2ae44000 	/usr/lib/libIOReport.dylib
0x00007fff2cefb000 	/usr/lib/libSMC.dylib
0x00007fff2bbcc000 	/usr/lib/libAudioToolboxUtility.dylib
0x00007fff3d2d8000 	/usr/lib/libmis.dylib
0x00007fff6b410000 	/System/Library/Frameworks/OpenGL.framework/Versions/A/Libraries/libGLU.dylib
0x00007fff6b3d3000 	/System/Library/Frameworks/OpenGL.framework/Versions/A/Libraries/libGFXShared.dylib
0x00007fff6b5e2000 	/System/Library/Frameworks/OpenGL.framework/Versions/A/Libraries/libGL.dylib
0x00007fff6b3dc000 	/System/Library/Frameworks/OpenGL.framework/Versions/A/Libraries/libGLImage.dylib
0x00007fff6b3d0000 	/System/Library/Frameworks/OpenGL.framework/Versions/A/Libraries/libCVMSPluginSupport.dylib
0x00007fff6b3bb000 	/System/Library/Frameworks/OpenGL.framework/Versions/A/Libraries/libCoreVMClient.dylib
0x00007fff6ca23000 	/System/Library/Frameworks/OpenCL.framework/Versions/A/OpenCL
0x00007fff2b1bd000 	/System/Library/PrivateFrameworks/GraphVisualizer.framework/Versions/A/GraphVisualizer
0x00007fff2b1cc000 	/System/Library/PrivateFrameworks/FaceCore.framework/Versions/A/FaceCore
0x00007fff2b5e8000 	/System/Library/PrivateFrameworks/OTSVG.framework/Versions/A/OTSVG
0x00007fff26e69000 	/System/Library/Frameworks/ApplicationServices.framework/Versions/A/Frameworks/ATS.framework/Versions/A/Resources/libFontRegistry.dylib
0x00007fff2b63a000 	/System/Library/PrivateFrameworks/FontServices.framework/libhvf.dylib
0x00007fff2affa000 	/System/Library/PrivateFrameworks/AppleVA.framework/Versions/A/AppleVA
0x00007fff2cd44000 	/System/Library/Frameworks/ApplicationServices.framework/Versions/A/Frameworks/ATS.framework/Versions/A/ATS
0x00007fff2d056000 	/System/Library/Frameworks/ApplicationServices.framework/Versions/A/Frameworks/ColorSyncLegacy.framework/Versions/A/ColorSyncLegacy
0x00007fff2567e000 	/System/Library/Frameworks/ApplicationServices.framework/Versions/A/Frameworks/HIServices.framework/Versions/A/HIServices
0x00007fff2d03b000 	/System/Library/Frameworks/ApplicationServices.framework/Versions/A/Frameworks/LangAnalysis.framework/Versions/A/LangAnalysis
0x00007fff2bd16000 	/System/Library/Frameworks/ApplicationServices.framework/Versions/A/Frameworks/PrintCore.framework/Versions/A/PrintCore
0x00007fff2d05e000 	/System/Library/Frameworks/ApplicationServices.framework/Versions/A/Frameworks/QD.framework/Versions/A/QD
0x00007fff2cd34000 	/System/Library/Frameworks/ApplicationServices.framework/Versions/A/Frameworks/SpeechSynthesis.framework/Versions/A/SpeechSynthesis
0x00007fff2bcd7000 	/System/Library/Frameworks/ApplicationServices.framework/Versions/A/Frameworks/ATSUI.framework/Versions/A/ATSUI
0x00007fff2cfdb000 	/usr/lib/libcups.2.dylib
0x00007fff2d04b000 	/System/Library/PrivateFrameworks/NetAuth.framework/Versions/A/NetAuth
0x00007fff2d6f5000 	/System/Library/Frameworks/Kerberos.framework/Versions/A/Kerberos
0x00007fff2d705000 	/System/Library/Frameworks/GSS.framework/Versions/A/GSS
0x00007fff2cdb0000 	/usr/lib/libresolv.9.dylib
0x00007fff2b64f000 	/System/Library/PrivateFrameworks/Heimdal.framework/Versions/A/Heimdal
0x00007fff3346c000 	/System/Library/Frameworks/Kerberos.framework/Versions/A/Libraries/libHeimdalProxy.dylib
0x00007fff26263000 	/System/Library/Frameworks/Network.framework/Versions/A/Network
0x00007fff2b068000 	/usr/lib/libheimdal-asn1.dylib
0x00007fff2d755000 	/System/Library/PrivateFrameworks/CommonAuth.framework/Versions/A/CommonAuth
0x00007fff272bf000 	/System/Library/PrivateFrameworks/login.framework/Versions/A/Frameworks/loginsupport.framework/Versions/A/loginsupport
0x00007fff2ccb9000 	/System/Library/PrivateFrameworks/AudioSession.framework/Versions/A/AudioSession
0x00007fff2cd21000 	/usr/lib/libAudioStatistics.dylib
0x00007fff2b0f5000 	/System/Library/PrivateFrameworks/MediaExperience.framework/Versions/A/MediaExperience
0x00007fff2cb57000 	/System/Library/PrivateFrameworks/AudioSession.framework/libSessionUtility.dylib
0x00007fff2d6e6000 	/usr/lib/libperfcheck.dylib
0x00007fff2d06a000 	/System/Library/PrivateFrameworks/AudioResourceArbitration.framework/Versions/A/AudioResourceArbitration
0x00007fff2b072000 	/System/Library/PrivateFrameworks/IconFoundation.framework/Versions/A/IconFoundation
0x00007fff2fb7b000 	/System/Library/PrivateFrameworks/SpeechRecognitionCore.framework/Versions/A/SpeechRecognitionCore
0x000000010d000000 	/Applications/QuorumStudio.app/Contents/MacOS/jre/lib/server/libjvm.dylib
0x00007fff78aa1000 	/usr/lib/libstdc++.6.dylib
0x000000010db19000 	/Applications/QuorumStudio.app/Contents/MacOS/jre/lib/libverify.dylib
0x000000010db28000 	/Applications/QuorumStudio.app/Contents/MacOS/jre/lib/libjava.dylib
0x000000010dba0000 	/Applications/QuorumStudio.app/Contents/MacOS/jre/lib/libzip.dylib

VM Arguments:
jvm_args: -Dsodbeans=1 
java_command: /Users/stefika/Repositories/quorum-language/Quorum/Run/Default.jar
java_class_path (initial): /Users/stefika/Repositories/quorum-language/Quorum/Run/Default.jar
Launcher Type: SUN_STANDARD

Environment Variables:
PATH=/usr/bin:/bin:/usr/sbin:/sbin
SHELL=/bin/bash

Signal Handlers:
SIGSEGV: [libjvm.dylib+0x585433], sa_mask[0]=11111111011111110111111111111111, sa_flags=SA_ONSTACK|SA_RESTART|SA_SIGINFO
SIGBUS: [libjvm.dylib+0x585433], sa_mask[0]=11111111011111110111111111111111, sa_flags=SA_RESTART|SA_SIGINFO
SIGFPE: [libjvm.dylib+0x45e83c], sa_mask[0]=11111111011111110111111111111111, sa_flags=SA_RESTART|SA_SIGINFO
SIGPIPE: [libjvm.dylib+0x45e83c], sa_mask[0]=11111111011111110111111111111111, sa_flags=SA_RESTART|SA_SIGINFO
SIGXFSZ: [libjvm.dylib+0x45e83c], sa_mask[0]=11111111011111110111111111111111, sa_flags=SA_RESTART|SA_SIGINFO
SIGILL: [libjvm.dylib+0x45e83c], sa_mask[0]=11111111011111110111111111111111, sa_flags=SA_RESTART|SA_SIGINFO
SIGUSR1: SIG_DFL, sa_mask[0]=00000000000000000000000000000000, sa_flags=none
SIGUSR2: [libjvm.dylib+0x45e35a], sa_mask[0]=00100000000000000000000000000000, sa_flags=SA_RESTART|SA_SIGINFO
SIGHUP: [libjvm.dylib+0x45c8e5], sa_mask[0]=11111111011111110111111111111111, sa_flags=SA_RESTART|SA_SIGINFO
SIGINT: [libjvm.dylib+0x45c8e5], sa_mask[0]=11111111011111110111111111111111, sa_flags=SA_RESTART|SA_SIGINFO
SIGTERM: [libjvm.dylib+0x45c8e5], sa_mask[0]=11111111011111110111111111111111, sa_flags=SA_RESTART|SA_SIGINFO
SIGQUIT: [libjvm.dylib+0x45c8e5], sa_mask[0]=11111111011111110111111111111111, sa_flags=SA_RESTART|SA_SIGINFO


---------------  S Y S T E M  ---------------

OS:Bsduname:Darwin 20.1.0 Darwin Kernel Version 20.1.0: Sat Oct 31 00:07:11 PDT 2020; root:xnu-7195.50.7~2/RELEASE_X86_64 x86_64
rlimit: STACK 8192k, CORE 0k, NPROC 5568, NOFILE 10240, AS infinity
load average:4.69 3.00 2.49

CPU:total 4 (initial active 4) (4 cores per cpu, 1 threads per core) family 6 model 94 stepping 3, cmov, cx8, fxsr, mmx, sse, sse2, sse3, ssse3, sse4.1, sse4.2, popcnt, avx, avx2, aes, clmul, erms, rtm, 3dnowpref, lzcnt, tsc, tscinvbit, bmi1, bmi2, adx

Memory: 4k page, physical 33554432k(848120k free)

/proc/meminfo:


vm_info: OpenJDK 64-Bit Server VM (25.212-b04) for bsd-amd64 JRE (1.8.0_212-b04), built on Jun  3 2019 14:11:44 by "jenkins" with gcc 4.2.1 (Based on Apple Inc. build 5658) (LLVM build 2336.11.00)

time: Fri Nov 13 13:59:48 2020
timezone: PST
elapsed time: 25 seconds (0d 0h 0m 25s)

