c:\users\bill\documents\visual studio 2013\projects\freetype-2.5.5\objs\vc2010\x64\release\ftbase.obj
c:\users\bill\documents\visual studio 2013\projects\freetype-2.5.5\objs\vc2010\x64\release\ftinit.obj
c:\users\bill\documents\visual studio 2013\projects\freetype-2.5.5\objs\vc2010\x64\release\ftsystem.obj
c:\users\bill\documents\visual studio 2013\projects\freetype-2.5.5\objs\vc2010\x64\release\smooth.obj
c:\users\bill\documents\visual studio 2013\projects\freetype-2.5.5\objs\vc2010\x64\release\pfr.obj
c:\users\bill\documents\visual studio 2013\projects\freetype-2.5.5\objs\vc2010\x64\release\psmodule.obj
c:\users\bill\documents\visual studio 2013\projects\freetype-2.5.5\objs\vc2010\x64\release\truetype.obj
c:\users\bill\documents\visual studio 2013\projects\freetype-2.5.5\objs\vc2010\x64\release\bdf.obj
c:\users\bill\documents\visual studio 2013\projects\freetype-2.5.5\objs\vc2010\x64\release\ftgzip.obj
c:\users\bill\documents\visual studio 2013\projects\freetype-2.5.5\objs\vc2010\x64\release\ftmm.obj
c:\users\bill\documents\visual studio 2013\projects\freetype-2.5.5\objs\vc2010\x64\release\psaux.obj
c:\users\bill\documents\visual studio 2013\projects\freetype-2.5.5\objs\vc2010\x64\release\sfnt.obj
c:\users\bill\documents\visual studio 2013\projects\freetype-2.5.5\objs\vc2010\x64\release\ftcache.obj
c:\users\bill\documents\visual studio 2013\projects\freetype-2.5.5\objs\vc2010\x64\release\ftglyph.obj
c:\users\bill\documents\visual studio 2013\projects\freetype-2.5.5\objs\vc2010\x64\release\ftlzw.obj
c:\users\bill\documents\visual studio 2013\projects\freetype-2.5.5\objs\vc2010\x64\release\pcf.obj
c:\users\bill\documents\visual studio 2013\projects\freetype-2.5.5\objs\vc2010\x64\release\pshinter.obj
c:\users\bill\documents\visual studio 2013\projects\freetype-2.5.5\objs\vc2010\x64\release\raster.obj
c:\users\bill\documents\visual studio 2013\projects\freetype-2.5.5\objs\vc2010\x64\release\type1.obj
c:\users\bill\documents\visual studio 2013\projects\freetype-2.5.5\objs\vc2010\x64\release\cff.obj
c:\users\bill\documents\visual studio 2013\projects\freetype-2.5.5\objs\vc2010\x64\release\type1cid.obj
c:\users\bill\documents\visual studio 2013\projects\freetype-2.5.5\objs\vc2010\x64\release\type42.obj
c:\users\bill\documents\visual studio 2013\projects\freetype-2.5.5\objs\vc2010\x64\release\winfnt.obj
c:\users\bill\documents\visual studio 2013\projects\freetype-2.5.5\objs\vc2010\x64\release\ftdebug.obj
c:\users\bill\documents\visual studio 2013\projects\freetype-2.5.5\objs\vc2010\x64\freetype255b64.lib
c:\users\bill\documents\visual studio 2013\projects\freetype-2.5.5\objs\vc2010\x64\freetype255b64.exp
c:\users\bill\documents\visual studio 2013\projects\freetype-2.5.5\objs\vc2010\x64\freetype255b64.dll
c:\users\bill\documents\visual studio 2013\projects\freetype-2.5.5\objs\vc2010\x64\release\autofit.obj
c:\users\bill\documents\visual studio 2013\projects\freetype-2.5.5\objs\vc2010\x64\release\ftbbox.obj
c:\users\bill\documents\visual studio 2013\projects\freetype-2.5.5\objs\vc2010\x64\release\ftbitmap.obj
c:\users\bill\documents\visual studio 2013\projects\freetype-2.5.5\objs\vc2010\x64\release\ftfstype.obj
c:\users\bill\documents\visual studio 2013\projects\freetype-2.5.5\objs\vc2010\x64\release\ftgasp.obj
c:\users\bill\documents\visual studio 2013\projects\freetype-2.5.5\objs\vc2010\x64\release\ftgxval.obj
c:\users\bill\documents\visual studio 2013\projects\freetype-2.5.5\objs\vc2010\x64\release\ftlcdfil.obj
c:\users\bill\documents\visual studio 2013\projects\freetype-2.5.5\objs\vc2010\x64\release\ftotval.obj
c:\users\bill\documents\visual studio 2013\projects\freetype-2.5.5\objs\vc2010\x64\release\ftpatent.obj
c:\users\bill\documents\visual studio 2013\projects\freetype-2.5.5\objs\vc2010\x64\release\ftpfr.obj
c:\users\bill\documents\visual studio 2013\projects\freetype-2.5.5\objs\vc2010\x64\release\ftstroke.obj
c:\users\bill\documents\visual studio 2013\projects\freetype-2.5.5\objs\vc2010\x64\release\ftsynth.obj
c:\users\bill\documents\visual studio 2013\projects\freetype-2.5.5\objs\vc2010\x64\release\fttype1.obj
c:\users\bill\documents\visual studio 2013\projects\freetype-2.5.5\objs\vc2010\x64\release\ftwinfnt.obj
c:\users\bill\documents\visual studio 2013\projects\freetype-2.5.5\objs\vc2010\x64\release\ftxf86.obj
c:\users\bill\documents\visual studio 2013\projects\freetype-2.5.5\builds\windows\vc2010\..\..\..\objs\vc2010\x64\freetype255b64.dll
c:\users\bill\documents\visual studio 2013\projects\freetype-2.5.5\objs\vc2010\x64\release\freetype.tlog\cl.command.1.tlog
c:\users\bill\documents\visual studio 2013\projects\freetype-2.5.5\objs\vc2010\x64\release\freetype.tlog\cl.read.1.tlog
c:\users\bill\documents\visual studio 2013\projects\freetype-2.5.5\objs\vc2010\x64\release\freetype.tlog\cl.write.1.tlog
c:\users\bill\documents\visual studio 2013\projects\freetype-2.5.5\objs\vc2010\x64\release\freetype.tlog\freetype.write.1u.tlog
c:\users\bill\documents\visual studio 2013\projects\freetype-2.5.5\objs\vc2010\x64\release\freetype.tlog\link.command.1.tlog
c:\users\bill\documents\visual studio 2013\projects\freetype-2.5.5\objs\vc2010\x64\release\freetype.tlog\link.read.1.tlog
c:\users\bill\documents\visual studio 2013\projects\freetype-2.5.5\objs\vc2010\x64\release\freetype.tlog\link.write.1.tlog
