Build started 6/17/2015 9:11:41 AM.
     1>Project "C:\Users\Bill\Documents\Visual Studio 2013\Projects\freetype-2.5.5\builds\windows\vc2010\freetype.vcxproj" on node 2 (Build target(s)).
     1>ClCompile:
         C:\Program Files (x86)\Microsoft Visual Studio 12.0\VC\bin\x86_amd64\CL.exe /c /I"C:\Program Files\Java\jdk1.8.0_45\include\win32" /I"C:\Program Files\Java\jdk1.8.0_45\include" /I..\..\..\include /nologo /W4 /WX- /MP /Ox /Ob2 /Oi /Oy /GT /D NDEBUG /D WIN32 /D _LIB /D _CRT_SECURE_NO_WARNINGS /D FT2_BUILD_LIBRARY /D _WINDLL /D _MBCS /GF /Gm- /EHsc /MT /GS /Gy /arch:SSE2 /fp:precise /fp:except- /Za /Zc:wchar_t /Zc:forScope /Fo".\..\..\..\objs\vc2010\x64\Release\\" /Gd /TP /wd4001 /errorReport:prompt ..\..\..\GameEngineSource\BufferUtils.cpp ..\..\..\GameEngineSource\Matrix4.cpp ..\..\..\GameEngineSource\PixelMap.cpp
     1>cl : Command line warning D9002: ignoring unknown option '/arch:SSE2'
     1>cl : Command line warning D9002: ignoring unknown option '/arch:SSE2'
     1>cl : Command line warning D9002: ignoring unknown option '/arch:SSE2'
         BufferUtils.cpp
         Matrix4.cpp
     1>cl : Command line warning D9002: ignoring unknown option '/arch:SSE2'
         PixelMap.cpp
     1>..\..\..\GameEngineSource\PixelMap.cpp(7): warning C4100: 'clazz' : unreferenced formal parameter
     1>..\..\..\GameEngineSource\PixelMap.cpp(31): warning C4100: 'clazz' : unreferenced formal parameter
     1>..\..\..\GameEngineSource\Matrix4.cpp(144): warning C4100: 'clazz' : unreferenced formal parameter
     1>..\..\..\GameEngineSource\PixelMap.cpp(52): warning C4100: 'clazz' : unreferenced formal parameter
     1>..\..\..\GameEngineSource\Matrix4.cpp(158): warning C4100: 'clazz' : unreferenced formal parameter
     1>..\..\..\GameEngineSource\PixelMap.cpp(52): warning C4100: 'env' : unreferenced formal parameter
     1>..\..\..\GameEngineSource\Matrix4.cpp(172): warning C4100: 'clazz' : unreferenced formal parameter
     1>..\..\..\GameEngineSource\PixelMap.cpp(63): warning C4100: 'clazz' : unreferenced formal parameter
     1>..\..\..\GameEngineSource\Matrix4.cpp(190): warning C4100: 'clazz' : unreferenced formal parameter
     1>..\..\..\GameEngineSource\PixelMap.cpp(63): warning C4100: 'env' : unreferenced formal parameter
     1>..\..\..\GameEngineSource\Matrix4.cpp(204): warning C4100: 'clazz' : unreferenced formal parameter
     1>..\..\..\GameEngineSource\PixelMap.cpp(74): warning C4100: 'clazz' : unreferenced formal parameter
     1>..\..\..\GameEngineSource\Matrix4.cpp(222): warning C4100: 'clazz' : unreferenced formal parameter
     1>..\..\..\GameEngineSource\PixelMap.cpp(74): warning C4100: 'env' : unreferenced formal parameter
     1>..\..\..\GameEngineSource\Matrix4.cpp(236): warning C4100: 'clazz' : unreferenced formal parameter
     1>..\..\..\GameEngineSource\PixelMap.cpp(85): warning C4100: 'clazz' : unreferenced formal parameter
     1>..\..\..\GameEngineSource\Matrix4.cpp(255): warning C4100: 'obj_values' : unreferenced formal parameter
     1>..\..\..\GameEngineSource\PixelMap.cpp(85): warning C4100: 'env' : unreferenced formal parameter
     1>..\..\..\GameEngineSource\Matrix4.cpp(255): warning C4100: 'clazz' : unreferenced formal parameter
     1>..\..\..\GameEngineSource\PixelMap.cpp(96): warning C4100: 'clazz' : unreferenced formal parameter
     1>..\..\..\GameEngineSource\Matrix4.cpp(255): warning C4100: 'env' : unreferenced formal parameter
     1>..\..\..\GameEngineSource\PixelMap.cpp(96): warning C4100: 'env' : unreferenced formal parameter
     1>..\..\..\GameEngineSource\Matrix4.cpp(274): warning C4100: 'obj_values' : unreferenced formal parameter
     1>..\..\..\GameEngineSource\PixelMap.cpp(107): warning C4100: 'clazz' : unreferenced formal parameter
     1>..\..\..\GameEngineSource\Matrix4.cpp(274): warning C4100: 'clazz' : unreferenced formal parameter
     1>..\..\..\GameEngineSource\PixelMap.cpp(107): warning C4100: 'env' : unreferenced formal parameter
     1>..\..\..\GameEngineSource\Matrix4.cpp(274): warning C4100: 'env' : unreferenced formal parameter
     1>..\..\..\GameEngineSource\BufferUtils.cpp(9): warning C4100: 'clazz' : unreferenced formal parameter
     1>..\..\..\GameEngineSource\PixelMap.cpp(118): warning C4100: 'clazz' : unreferenced formal parameter
     1>..\..\..\GameEngineSource\BufferUtils.cpp(20): warning C4100: 'clazz' : unreferenced formal parameter
     1>..\..\..\GameEngineSource\PixelMap.cpp(118): warning C4100: 'env' : unreferenced formal parameter
     1>..\..\..\GameEngineSource\BufferUtils.cpp(31): warning C4100: 'obj_buffer' : unreferenced formal parameter
     1>..\..\..\GameEngineSource\PixelMap.cpp(129): warning C4100: 'clazz' : unreferenced formal parameter
     1>..\..\..\GameEngineSource\BufferUtils.cpp(31): warning C4100: 'clazz' : unreferenced formal parameter
     1>..\..\..\GameEngineSource\PixelMap.cpp(129): warning C4100: 'env' : unreferenced formal parameter
     1>..\..\..\GameEngineSource\BufferUtils.cpp(31): warning C4100: 'env' : unreferenced formal parameter
     1>..\..\..\GameEngineSource\PixelMap.cpp(140): warning C4100: 'clazz' : unreferenced formal parameter
     1>..\..\..\GameEngineSource\PixelMap.cpp(140): warning C4100: 'env' : unreferenced formal parameter
     1>..\..\..\GameEngineSource\BufferUtils.cpp(48): warning C4100: 'clazz' : unreferenced formal parameter
     1>..\..\..\GameEngineSource\PixelMap.cpp(151): warning C4100: 'clazz' : unreferenced formal parameter
     1>..\..\..\GameEngineSource\PixelMap.cpp(151): warning C4100: 'env' : unreferenced formal parameter
     1>..\..\..\GameEngineSource\BufferUtils.cpp(59): warning C4100: 'clazz' : unreferenced formal parameter
     1>..\..\..\GameEngineSource\PixelMap.cpp(162): warning C4100: 'clazz' : unreferenced formal parameter
     1>..\..\..\GameEngineSource\PixelMap.cpp(162): warning C4100: 'env' : unreferenced formal parameter
     1>..\..\..\GameEngineSource\BufferUtils.cpp(72): warning C4100: 'clazz' : unreferenced formal parameter
     1>..\..\..\GameEngineSource\PixelMap.cpp(173): warning C4100: 'clazz' : unreferenced formal parameter
     1>..\..\..\GameEngineSource\PixelMap.cpp(173): warning C4100: 'env' : unreferenced formal parameter
     1>..\..\..\GameEngineSource\BufferUtils.cpp(85): warning C4100: 'clazz' : unreferenced formal parameter
     1>..\..\..\GameEngineSource\PixelMap.cpp(184): warning C4100: 'clazz' : unreferenced formal parameter
     1>..\..\..\GameEngineSource\PixelMap.cpp(184): warning C4100: 'env' : unreferenced formal parameter
     1>..\..\..\GameEngineSource\BufferUtils.cpp(98): warning C4100: 'clazz' : unreferenced formal parameter
     1>..\..\..\GameEngineSource\PixelMap.cpp(194): warning C4100: 'clazz' : unreferenced formal parameter
     1>..\..\..\GameEngineSource\BufferUtils.cpp(111): warning C4100: 'clazz' : unreferenced formal parameter
     1>..\..\..\GameEngineSource\BufferUtils.cpp(124): warning C4100: 'clazz' : unreferenced formal parameter
     1>..\..\..\GameEngineSource\BufferUtils.cpp(137): warning C4100: 'clazz' : unreferenced formal parameter
     1>..\..\..\GameEngineSource\BufferUtils.cpp(150): warning C4100: 'clazz' : unreferenced formal parameter
     1>..\..\..\GameEngineSource\BufferUtils.cpp(163): warning C4100: 'clazz' : unreferenced formal parameter
     1>..\..\..\GameEngineSource\BufferUtils.cpp(270): warning C4100: 'clazz' : unreferenced formal parameter
     1>..\..\..\GameEngineSource\BufferUtils.cpp(283): warning C4100: 'clazz' : unreferenced formal parameter
     1>..\..\..\GameEngineSource\BufferUtils.cpp(297): warning C4100: 'clazz' : unreferenced formal parameter
     1>..\..\..\GameEngineSource\BufferUtils.cpp(310): warning C4100: 'clazz' : unreferenced formal parameter
     1>..\..\..\GameEngineSource\BufferUtils.cpp(324): warning C4100: 'clazz' : unreferenced formal parameter
     1>..\..\..\GameEngineSource\BufferUtils.cpp(337): warning C4100: 'clazz' : unreferenced formal parameter
     1>..\..\..\GameEngineSource\BufferUtils.cpp(351): warning C4100: 'clazz' : unreferenced formal parameter
     1>..\..\..\GameEngineSource\BufferUtils.cpp(364): warning C4100: 'clazz' : unreferenced formal parameter
     1>..\..\..\GameEngineSource\BufferUtils.cpp(378): warning C4100: 'clazz' : unreferenced formal parameter
     1>..\..\..\GameEngineSource\BufferUtils.cpp(391): warning C4100: 'clazz' : unreferenced formal parameter
     1>..\..\..\GameEngineSource\BufferUtils.cpp(406): warning C4100: 'obj_vertices' : unreferenced formal parameter
     1>..\..\..\GameEngineSource\BufferUtils.cpp(406): warning C4100: 'obj_vertex' : unreferenced formal parameter
     1>..\..\..\GameEngineSource\BufferUtils.cpp(406): warning C4100: 'clazz' : unreferenced formal parameter
     1>..\..\..\GameEngineSource\BufferUtils.cpp(406): warning C4100: 'env' : unreferenced formal parameter
     1>..\..\..\GameEngineSource\BufferUtils.cpp(425): warning C4100: 'obj_vertices' : unreferenced formal parameter
     1>..\..\..\GameEngineSource\BufferUtils.cpp(425): warning C4100: 'obj_vertex' : unreferenced formal parameter
     1>..\..\..\GameEngineSource\BufferUtils.cpp(425): warning C4100: 'clazz' : unreferenced formal parameter
     1>..\..\..\GameEngineSource\BufferUtils.cpp(425): warning C4100: 'env' : unreferenced formal parameter
     1>..\..\..\GameEngineSource\BufferUtils.cpp(445): warning C4100: 'obj_vertices' : unreferenced formal parameter
     1>..\..\..\GameEngineSource\BufferUtils.cpp(445): warning C4100: 'obj_vertex' : unreferenced formal parameter
     1>..\..\..\GameEngineSource\BufferUtils.cpp(445): warning C4100: 'clazz' : unreferenced formal parameter
     1>..\..\..\GameEngineSource\BufferUtils.cpp(445): warning C4100: 'env' : unreferenced formal parameter
     1>..\..\..\GameEngineSource\BufferUtils.cpp(465): warning C4100: 'obj_vertices' : unreferenced formal parameter
     1>..\..\..\GameEngineSource\BufferUtils.cpp(465): warning C4100: 'obj_vertex' : unreferenced formal parameter
     1>..\..\..\GameEngineSource\BufferUtils.cpp(465): warning C4100: 'clazz' : unreferenced formal parameter
     1>..\..\..\GameEngineSource\BufferUtils.cpp(465): warning C4100: 'env' : unreferenced formal parameter
     1>..\..\..\GameEngineSource\BufferUtils.cpp(486): warning C4100: 'obj_vertices' : unreferenced formal parameter
     1>..\..\..\GameEngineSource\BufferUtils.cpp(486): warning C4100: 'obj_vertex' : unreferenced formal parameter
     1>..\..\..\GameEngineSource\BufferUtils.cpp(486): warning C4100: 'clazz' : unreferenced formal parameter
     1>..\..\..\GameEngineSource\BufferUtils.cpp(486): warning C4100: 'env' : unreferenced formal parameter
     1>..\..\..\GameEngineSource\BufferUtils.cpp(505): warning C4100: 'obj_vertices' : unreferenced formal parameter
     1>..\..\..\GameEngineSource\BufferUtils.cpp(505): warning C4100: 'obj_vertex' : unreferenced formal parameter
     1>..\..\..\GameEngineSource\BufferUtils.cpp(505): warning C4100: 'clazz' : unreferenced formal parameter
     1>..\..\..\GameEngineSource\BufferUtils.cpp(505): warning C4100: 'env' : unreferenced formal parameter
     1>..\..\..\GameEngineSource\BufferUtils.cpp(525): warning C4100: 'obj_vertices' : unreferenced formal parameter
     1>..\..\..\GameEngineSource\BufferUtils.cpp(525): warning C4100: 'obj_vertex' : unreferenced formal parameter
     1>..\..\..\GameEngineSource\BufferUtils.cpp(525): warning C4100: 'clazz' : unreferenced formal parameter
     1>..\..\..\GameEngineSource\BufferUtils.cpp(525): warning C4100: 'env' : unreferenced formal parameter
     1>..\..\..\GameEngineSource\BufferUtils.cpp(545): warning C4100: 'obj_vertices' : unreferenced formal parameter
     1>..\..\..\GameEngineSource\BufferUtils.cpp(545): warning C4100: 'obj_vertex' : unreferenced formal parameter
     1>..\..\..\GameEngineSource\BufferUtils.cpp(545): warning C4100: 'clazz' : unreferenced formal parameter
     1>..\..\..\GameEngineSource\BufferUtils.cpp(545): warning C4100: 'env' : unreferenced formal parameter
         C:\Program Files (x86)\Microsoft Visual Studio 12.0\VC\bin\x86_amd64\CL.exe /c /I"C:\Program Files\Java\jdk1.8.0_45\include\win32" /I"C:\Program Files\Java\jdk1.8.0_45\include" /I..\..\..\include /nologo /W4 /WX- /MP /Ox /Ob2 /Oi /Oy /GT /D NDEBUG /D WIN32 /D _LIB /D _CRT_SECURE_NO_WARNINGS /D FT2_BUILD_LIBRARY /D _WINDLL /D _MBCS /GF /Gm- /EHsc /MT /GS /Gy /arch:SSE2 /fp:precise /fp:except- /Za /Zc:wchar_t /Zc:forScope /Fo".\..\..\..\objs\vc2010\x64\Release\\" /Gd /TC /wd4001 /errorReport:prompt ..\..\..\GameEngineSource\Font.c
     1>cl : Command line warning D9002: ignoring unknown option '/arch:SSE2'
         Font.c
     1>..\..\..\GameEngineSource\Font.c(35): warning C4100: 'clazz' : unreferenced formal parameter
     1>..\..\..\GameEngineSource\Font.c(35): warning C4100: 'env' : unreferenced formal parameter
     1>..\..\..\GameEngineSource\Font.c(44): warning C4100: 'jobj' : unreferenced formal parameter
     1>..\..\..\GameEngineSource\Font.c(61): warning C4100: 'jobj' : unreferenced formal parameter
     1>..\..\..\GameEngineSource\Font.c(61): warning C4100: 'env' : unreferenced formal parameter
     1>..\..\..\GameEngineSource\Font.c(71): warning C4100: 'jobj' : unreferenced formal parameter
     1>..\..\..\GameEngineSource\Font.c(71): warning C4100: 'env' : unreferenced formal parameter
     1>..\..\..\GameEngineSource\Font.c(88): warning C4244: 'initializing' : conversion from 'jchar' to 'char', possible loss of data
     1>..\..\..\GameEngineSource\Font.c(86): warning C4100: 'jobj' : unreferenced formal parameter
     1>..\..\..\GameEngineSource\Font.c(118): warning C4100: 'jobj' : unreferenced formal parameter
     1>..\..\..\GameEngineSource\Font.c(118): warning C4100: 'env' : unreferenced formal parameter
     1>..\..\..\GameEngineSource\Font.c(124): warning C4100: 'jobj' : unreferenced formal parameter
     1>..\..\..\GameEngineSource\Font.c(124): warning C4100: 'env' : unreferenced formal parameter
       Link:
         C:\Program Files (x86)\Microsoft Visual Studio 12.0\VC\bin\x86_amd64\link.exe /ERRORREPORT:PROMPT /OUT:"..\..\..\objs\vc2010\x64\libGameEngineCPlugins64.dll" /NOLOGO kernel32.lib user32.lib gdi32.lib winspool.lib comdlg32.lib advapi32.lib shell32.lib ole32.lib oleaut32.lib uuid.lib odbc32.lib odbccp32.lib /MANIFEST /MANIFESTUAC:"level='asInvoker' uiAccess='false'" /manifest:embed /PDB:"..\..\..\objs\vc2010\x64\libGameEngineCPlugins64.pdb" /TLBID:1 /DYNAMICBASE /NXCOMPAT /IMPLIB:"..\..\..\objs\vc2010\x64\libGameEngineCPlugins64.lib" /MACHINE:X64 /DLL .\..\..\..\objs\vc2010\x64\Release\BufferUtils.obj
         .\..\..\..\objs\vc2010\x64\Release\Font.obj
         .\..\..\..\objs\vc2010\x64\Release\gdx2d.obj
         .\..\..\..\objs\vc2010\x64\Release\jpgd.obj
         .\..\..\..\objs\vc2010\x64\Release\jpgd_c.obj
         .\..\..\..\objs\vc2010\x64\Release\Matrix4.obj
         .\..\..\..\objs\vc2010\x64\Release\PixelMap.obj
         .\..\..\..\objs\vc2010\x64\Release\autofit.obj
         .\..\..\..\objs\vc2010\x64\Release\bdf.obj
         .\..\..\..\objs\vc2010\x64\Release\cff.obj
         .\..\..\..\objs\vc2010\x64\Release\ftbase.obj
         .\..\..\..\objs\vc2010\x64\Release\ftbitmap.obj
         .\..\..\..\objs\vc2010\x64\Release\ftcache.obj
         .\..\..\..\objs\vc2010\x64\Release\ftdebug.obj
         .\..\..\..\objs\vc2010\x64\Release\ftfstype.obj
         .\..\..\..\objs\vc2010\x64\Release\ftgasp.obj
         .\..\..\..\objs\vc2010\x64\Release\ftglyph.obj
         .\..\..\..\objs\vc2010\x64\Release\ftgzip.obj
         .\..\..\..\objs\vc2010\x64\Release\ftinit.obj
         .\..\..\..\objs\vc2010\x64\Release\ftlzw.obj
         .\..\..\..\objs\vc2010\x64\Release\ftstroke.obj
         .\..\..\..\objs\vc2010\x64\Release\ftsystem.obj
         .\..\..\..\objs\vc2010\x64\Release\smooth.obj
         .\..\..\..\objs\vc2010\x64\Release\ftbbox.obj
         .\..\..\..\objs\vc2010\x64\Release\ftmm.obj
         .\..\..\..\objs\vc2010\x64\Release\ftpfr.obj
         .\..\..\..\objs\vc2010\x64\Release\ftsynth.obj
         .\..\..\..\objs\vc2010\x64\Release\fttype1.obj
         .\..\..\..\objs\vc2010\x64\Release\ftwinfnt.obj
         .\..\..\..\objs\vc2010\x64\Release\ftxf86.obj
         .\..\..\..\objs\vc2010\x64\Release\ftlcdfil.obj
         .\..\..\..\objs\vc2010\x64\Release\ftgxval.obj
         .\..\..\..\objs\vc2010\x64\Release\ftotval.obj
         .\..\..\..\objs\vc2010\x64\Release\ftpatent.obj
         .\..\..\..\objs\vc2010\x64\Release\pcf.obj
         .\..\..\..\objs\vc2010\x64\Release\pfr.obj
         .\..\..\..\objs\vc2010\x64\Release\psaux.obj
         .\..\..\..\objs\vc2010\x64\Release\pshinter.obj
         .\..\..\..\objs\vc2010\x64\Release\psmodule.obj
         .\..\..\..\objs\vc2010\x64\Release\raster.obj
         .\..\..\..\objs\vc2010\x64\Release\sfnt.obj
         .\..\..\..\objs\vc2010\x64\Release\truetype.obj
         .\..\..\..\objs\vc2010\x64\Release\type1.obj
         .\..\..\..\objs\vc2010\x64\Release\type1cid.obj
         .\..\..\..\objs\vc2010\x64\Release\type42.obj
         .\..\..\..\objs\vc2010\x64\Release\winfnt.obj
            Creating library ..\..\..\objs\vc2010\x64\libGameEngineCPlugins64.lib and object ..\..\..\objs\vc2010\x64\libGameEngineCPlugins64.exp
         freetype.vcxproj -> C:\Users\Bill\Documents\Visual Studio 2013\Projects\freetype-2.5.5\builds\windows\vc2010\..\..\..\objs\vc2010\x64\libGameEngineCPlugins64.dll
     1>Done Building Project "C:\Users\Bill\Documents\Visual Studio 2013\Projects\freetype-2.5.5\builds\windows\vc2010\freetype.vcxproj" (Build target(s)).

Build succeeded.

Time Elapsed 00:00:03.29
