This file contains any messages produced by compilers while
running configure, to aid debugging if configure makes a mistake.

It was created by FreeType configure 2.5.5, which was
generated by GNU Autoconf 2.69.  Invocation command line was

  $ ./configure --without-zlib --without-png --without-bzip2

## --------- ##
## Platform. ##
## --------- ##

hostname = occam.CS.unlv.edu
uname -m = x86_64
uname -r = 15.6.0
uname -s = Darwin
uname -v = Darwin Kernel Version 15.6.0: Thu Jun 23 18:25:34 PDT 2016; root:xnu-3248.60.10~1/RELEASE_X86_64

/usr/bin/uname -p = i386
/bin/uname -X     = unknown

/bin/arch              = unknown
/usr/bin/arch -k       = unknown
/usr/convex/getsysinfo = unknown
/usr/bin/hostinfo      = Mach kernel version:
	 Darwin Kernel Version 15.6.0: Thu Jun 23 18:25:34 PDT 2016; root:xnu-3248.60.10~1/RELEASE_X86_64
Kernel configured for up to 8 processors.
4 processors are physically available.
8 processors are logically available.
Processor type: x86_64h (Intel x86-64h Haswell)
Processors active: 0 1 2 3 4 5 6 7
Primary memory available: 32.00 gigabytes
Default processor set: 260 tasks, 1467 threads, 8 processors
Load average: 1.19, Mach factor: 6.80
/bin/machine           = unknown
/usr/bin/oslevel       = unknown
/bin/universe          = unknown

PATH: /usr/local/bin
PATH: /usr/bin
PATH: /bin
PATH: /usr/sbin
PATH: /sbin
PATH: /Library/Frameworks/Mono.framework/Versions/Current/Commands


## ----------- ##
## Core tests. ##
## ----------- ##

configure:2529: checking build system type
configure:2543: result: x86_64-apple-darwin15.6.0
configure:2563: checking host system type
configure:2576: result: x86_64-apple-darwin15.6.0
configure:2648: checking for gcc
configure:2664: found /usr/bin/gcc
configure:2675: result: gcc
configure:2904: checking for C compiler version
configure:2913: gcc --version >&5
Apple LLVM version 8.0.0 (clang-800.0.42.1)
Target: x86_64-apple-darwin15.6.0
Thread model: posix
InstalledDir: /Library/Developer/CommandLineTools/usr/bin
Configured with: --prefix=/Library/Developer/CommandLineTools/usr --with-gxx-include-dir=/usr/include/c++/4.2.1
configure:2924: $? = 0
configure:2913: gcc -v >&5
Configured with: --prefix=/Library/Developer/CommandLineTools/usr --with-gxx-include-dir=/usr/include/c++/4.2.1
Apple LLVM version 8.0.0 (clang-800.0.42.1)
Target: x86_64-apple-darwin15.6.0
Thread model: posix
InstalledDir: /Library/Developer/CommandLineTools/usr/bin
configure:2924: $? = 0
configure:2913: gcc -V >&5
clang: error: argument to '-V' is missing (expected 1 value)
clang: error: no input files
configure:2924: $? = 1
configure:2913: gcc -qversion >&5
clang: error: unknown argument: '-qversion'
clang: error: no input files
configure:2924: $? = 1
configure:2944: checking whether the C compiler works
configure:2966: gcc    conftest.c  >&5
configure:2970: $? = 0
configure:3018: result: yes
configure:3021: checking for C compiler default output file name
configure:3023: result: a.out
configure:3029: checking for suffix of executables
configure:3036: gcc -o conftest    conftest.c  >&5
configure:3040: $? = 0
configure:3062: result: 
configure:3084: checking whether we are cross compiling
configure:3092: gcc -o conftest    conftest.c  >&5
configure:3096: $? = 0
configure:3103: ./conftest
configure:3107: $? = 0
configure:3122: result: no
configure:3127: checking for suffix of object files
configure:3149: gcc -c   conftest.c >&5
configure:3153: $? = 0
configure:3174: result: o
configure:3178: checking whether we are using the GNU C compiler
configure:3197: gcc -c   conftest.c >&5
configure:3197: $? = 0
configure:3206: result: yes
configure:3215: checking whether gcc accepts -g
configure:3235: gcc -c -g  conftest.c >&5
configure:3235: $? = 0
configure:3276: result: yes
configure:3293: checking for gcc option to accept ISO C89
configure:3356: gcc  -c -g -O2  conftest.c >&5
configure:3356: $? = 0
configure:3369: result: none needed
configure:3394: checking how to run the C preprocessor
configure:3425: gcc -E  conftest.c
configure:3425: $? = 0
configure:3439: gcc -E  conftest.c
conftest.c:9:10: fatal error: 'ac_nonexistent.h' file not found
#include <ac_nonexistent.h>
         ^
1 error generated.
configure:3439: $? = 1
configure: failed program was:
| /* confdefs.h */
| #define PACKAGE_NAME "FreeType"
| #define PACKAGE_TARNAME "freetype"
| #define PACKAGE_VERSION "2.5.5"
| #define PACKAGE_STRING "FreeType 2.5.5"
| #define PACKAGE_BUGREPORT "freetype@nongnu.org"
| #define PACKAGE_URL ""
| /* end confdefs.h.  */
| #include <ac_nonexistent.h>
configure:3464: result: gcc -E
configure:3484: gcc -E  conftest.c
configure:3484: $? = 0
configure:3498: gcc -E  conftest.c
conftest.c:9:10: fatal error: 'ac_nonexistent.h' file not found
#include <ac_nonexistent.h>
         ^
1 error generated.
configure:3498: $? = 1
configure: failed program was:
| /* confdefs.h */
| #define PACKAGE_NAME "FreeType"
| #define PACKAGE_TARNAME "freetype"
| #define PACKAGE_VERSION "2.5.5"
| #define PACKAGE_STRING "FreeType 2.5.5"
| #define PACKAGE_BUGREPORT "freetype@nongnu.org"
| #define PACKAGE_URL ""
| /* end confdefs.h.  */
| #include <ac_nonexistent.h>
configure:3582: checking for pkg-config
configure:3615: result: no
configure:3695: checking how to print strings
configure:3722: result: printf
configure:3743: checking for a sed that does not truncate output
configure:3807: result: /usr/bin/sed
configure:3825: checking for grep that handles long lines and -e
configure:3883: result: /usr/bin/grep
configure:3888: checking for egrep
configure:3950: result: /usr/bin/grep -E
configure:3955: checking for fgrep
configure:4017: result: /usr/bin/grep -F
configure:4052: checking for ld used by gcc
configure:4119: result: /Library/Developer/CommandLineTools/usr/bin/ld
configure:4126: checking if the linker (/Library/Developer/CommandLineTools/usr/bin/ld) is GNU ld
configure:4141: result: no
configure:4153: checking for BSD- or MS-compatible name lister (nm)
configure:4202: result: /usr/bin/nm -B
configure:4332: checking the name lister (/usr/bin/nm -B) interface
configure:4339: gcc -c -g -O2  conftest.c >&5
configure:4342: /usr/bin/nm -B "conftest.o"
configure:4345: output
0000000000000240 S _some_variable
configure:4352: result: BSD nm
configure:4355: checking whether ln -s works
configure:4359: result: yes
configure:4367: checking the maximum length of command line arguments
configure:4498: result: 196608
configure:4546: checking how to convert x86_64-apple-darwin15.6.0 file names to x86_64-apple-darwin15.6.0 format
configure:4586: result: func_convert_file_noop
configure:4593: checking how to convert x86_64-apple-darwin15.6.0 file names to toolchain format
configure:4613: result: func_convert_file_noop
configure:4620: checking for /Library/Developer/CommandLineTools/usr/bin/ld option to reload object files
configure:4627: result: -r
configure:4701: checking for objdump
configure:4731: result: no
configure:4757: checking how to recognize dependent libraries
configure:4954: result: pass_all
configure:5039: checking for dlltool
configure:5069: result: no
configure:5096: checking how to associate runtime and link libraries
configure:5123: result: printf %s\n
configure:5184: checking for ar
configure:5200: found /usr/bin/ar
configure:5211: result: ar
configure:5248: checking for archiver @FILE support
configure:5265: gcc -c -g -O2  conftest.c >&5
configure:5265: $? = 0
configure:5268: ar cru libconftest.a @conftest.lst >&5
ar: @conftest.lst: No such file or directory
configure:5271: $? = 1
configure:5291: result: no
configure:5349: checking for strip
configure:5365: found /usr/bin/strip
configure:5376: result: strip
configure:5448: checking for ranlib
configure:5464: found /usr/bin/ranlib
configure:5475: result: ranlib
configure:5552: checking for gawk
configure:5582: result: no
configure:5552: checking for mawk
configure:5582: result: no
configure:5552: checking for nawk
configure:5582: result: no
configure:5552: checking for awk
configure:5568: found /usr/bin/awk
configure:5579: result: awk
configure:5619: checking command to parse /usr/bin/nm -B output from gcc object
configure:5772: gcc -c -g -O2  conftest.c >&5
configure:5775: $? = 0
configure:5779: /usr/bin/nm -B conftest.o \| sed -n -e 's/^.*[ ]\([BCDEGRST][BCDEGRST]*\)[ ][ ]*\([_A-Za-z][_A-Za-z0-9]*\)$/\1 \2 \2/p' | sed '/ __gnu_lto/d' \> conftest.nm
configure:5782: $? = 0
cannot find nm_test_var in conftest.nm
configure:5772: gcc -c -g -O2  conftest.c >&5
configure:5775: $? = 0
configure:5779: /usr/bin/nm -B conftest.o \| sed -n -e 's/^.*[ ]\([BCDEGRST][BCDEGRST]*\)[ ][ ]*_\([_A-Za-z][_A-Za-z0-9]*\)$/\1 _\2 \2/p' | sed '/ __gnu_lto/d' \> conftest.nm
configure:5782: $? = 0
configure:5848: gcc -o conftest -g -O2   conftest.c conftstm.o >&5
warning: (x86_64)  could not find object file symbol for symbol _main
configure:5851: $? = 0
configure:5889: result: ok
configure:5936: checking for sysroot
configure:5966: result: no
configure:6279: checking for mt
configure:6309: result: no
configure:6329: checking if : is a manifest tool
configure:6335: : '-?'
configure:6343: result: no
configure:6399: checking for dsymutil
configure:6415: found /usr/bin/dsymutil
configure:6426: result: dsymutil
configure:6491: checking for nmedit
configure:6507: found /usr/bin/nmedit
configure:6518: result: nmedit
configure:6583: checking for lipo
configure:6599: found /usr/bin/lipo
configure:6610: result: lipo
configure:6675: checking for otool
configure:6691: found /usr/bin/otool
configure:6702: result: otool
configure:6767: checking for otool64
configure:6797: result: no
configure:6842: checking for -single_module linker flag
gcc -g -O2  -o libconftest.dylib -dynamiclib -Wl,-single_module conftest.c
configure:6875: result: yes
configure:6878: checking for -exported_symbols_list linker flag
configure:6898: gcc -o conftest -g -O2   -Wl,-exported_symbols_list,conftest.sym conftest.c  >&5
configure:6898: $? = 0
configure:6908: result: yes
configure:6911: checking for -force_load linker flag
gcc -g -O2 -c -o conftest.o conftest.c
ar cru libconftest.a conftest.o
ranlib libconftest.a
gcc -g -O2  -o conftest conftest.c -Wl,-force_load,./libconftest.a
configure:6943: result: yes
configure:6981: checking for ANSI C header files
configure:7001: gcc -c -g -O2  conftest.c >&5
configure:7001: $? = 0
configure:7074: gcc -o conftest -g -O2   conftest.c  >&5
configure:7074: $? = 0
configure:7074: ./conftest
configure:7074: $? = 0
configure:7085: result: yes
configure:7098: checking for sys/types.h
configure:7098: gcc -c -g -O2  conftest.c >&5
configure:7098: $? = 0
configure:7098: result: yes
configure:7098: checking for sys/stat.h
configure:7098: gcc -c -g -O2  conftest.c >&5
configure:7098: $? = 0
configure:7098: result: yes
configure:7098: checking for stdlib.h
configure:7098: gcc -c -g -O2  conftest.c >&5
configure:7098: $? = 0
configure:7098: result: yes
configure:7098: checking for string.h
configure:7098: gcc -c -g -O2  conftest.c >&5
configure:7098: $? = 0
configure:7098: result: yes
configure:7098: checking for memory.h
configure:7098: gcc -c -g -O2  conftest.c >&5
configure:7098: $? = 0
configure:7098: result: yes
configure:7098: checking for strings.h
configure:7098: gcc -c -g -O2  conftest.c >&5
configure:7098: $? = 0
configure:7098: result: yes
configure:7098: checking for inttypes.h
configure:7098: gcc -c -g -O2  conftest.c >&5
configure:7098: $? = 0
configure:7098: result: yes
configure:7098: checking for stdint.h
configure:7098: gcc -c -g -O2  conftest.c >&5
configure:7098: $? = 0
configure:7098: result: yes
configure:7098: checking for unistd.h
configure:7098: gcc -c -g -O2  conftest.c >&5
configure:7098: $? = 0
configure:7098: result: yes
configure:7112: checking for dlfcn.h
configure:7112: gcc -c -g -O2  conftest.c >&5
configure:7112: $? = 0
configure:7112: result: yes
configure:7614: checking for objdir
configure:7629: result: .libs
configure:7896: checking if gcc supports -fno-rtti -fno-exceptions
configure:7914: gcc -c -g -O2  -fno-rtti -fno-exceptions conftest.c >&5
configure:7918: $? = 0
configure:7931: result: yes
configure:8279: checking for gcc option to produce PIC
configure:8286: result: -fno-common -DPIC
configure:8294: checking if gcc PIC flag -fno-common -DPIC works
configure:8312: gcc -c -g -O2  -fno-common -DPIC -DPIC conftest.c >&5
configure:8316: $? = 0
configure:8329: result: yes
configure:8358: checking if gcc static flag -static works
configure:8386: result: no
configure:8401: checking if gcc supports -c -o file.o
configure:8422: gcc -c -g -O2  -o out/conftest2.o conftest.c >&5
configure:8426: $? = 0
configure:8448: result: yes
configure:8456: checking if gcc supports -c -o file.o
configure:8503: result: yes
configure:8536: checking whether the gcc linker (/Library/Developer/CommandLineTools/usr/bin/ld) supports shared libraries
configure:9684: result: yes
configure:9924: checking dynamic linker characteristics
configure:10662: result: darwin15.6.0 dyld
configure:10769: checking how to hardcode library paths into programs
configure:10794: result: immediate
configure:11342: checking whether stripping libraries is possible
configure:11356: result: yes
configure:11382: checking if libtool supports shared libraries
configure:11384: result: yes
configure:11387: checking whether to build shared libraries
configure:11408: result: yes
configure:11411: checking whether to build static libraries
configure:11415: result: yes
configure:11616: checking for rmdir
configure:11632: found /bin/rmdir
configure:11643: result: rmdir
configure:11671: checking for a BSD-compatible install
configure:11739: result: /usr/bin/install -c
configure:11761: checking for ANSI C header files
configure:11865: result: yes
configure:11876: checking fcntl.h usability
configure:11876: gcc -c -g -O2  conftest.c >&5
configure:11876: $? = 0
configure:11876: result: yes
configure:11876: checking fcntl.h presence
configure:11876: gcc -E  conftest.c
configure:11876: $? = 0
configure:11876: result: yes
configure:11876: checking for fcntl.h
configure:11876: result: yes
configure:11876: checking for unistd.h
configure:11876: result: yes
configure:11890: checking for an ANSI C-conforming const
configure:11956: gcc -c -g -O2  conftest.c >&5
configure:11956: $? = 0
configure:11963: result: yes
configure:11975: checking size of int
configure:11980: gcc -o conftest -g -O2   conftest.c  >&5
configure:11980: $? = 0
configure:11980: ./conftest
configure:11980: $? = 0
configure:11994: result: 4
configure:12008: checking size of long
configure:12013: gcc -o conftest -g -O2   conftest.c  >&5
configure:12013: $? = 0
configure:12013: ./conftest
configure:12013: $? = 0
configure:12027: result: 8
configure:12041: checking whether cpp computation of bit length in ftconfig.in works
configure:12098: result: yes
configure:12136: checking for stdlib.h
configure:12136: result: yes
configure:12136: checking for unistd.h
configure:12136: result: yes
configure:12136: checking for sys/param.h
configure:12136: gcc -c -g -O2  conftest.c >&5
configure:12136: $? = 0
configure:12136: result: yes
configure:12156: checking for getpagesize
configure:12156: gcc -o conftest -g -O2   conftest.c  >&5
configure:12156: $? = 0
configure:12156: result: yes
configure:12165: checking for working mmap
configure:12312: gcc -o conftest -g -O2   conftest.c  >&5
configure:12312: $? = 0
configure:12312: ./conftest
configure:12312: $? = 0
configure:12322: result: yes
configure:12338: checking whether munmap is declared
configure:12338: gcc -c -g -O2  conftest.c >&5
configure:12338: $? = 0
configure:12338: result: yes
configure:12358: checking for munmap's first parameter type
configure:12372: gcc -c -g -O2  conftest.c >&5
configure:12372: $? = 0
configure:12373: result: void *
configure:12390: checking for memcpy
configure:12390: gcc -o conftest -g -O2   conftest.c  >&5
conftest.c:56:6: warning: incompatible redeclaration of library function 'memcpy' [-Wincompatible-library-redeclaration]
char memcpy ();
     ^
conftest.c:56:6: note: 'memcpy' is a builtin with type 'void *(void *, const void *, unsigned long)'
1 warning generated.
configure:12390: $? = 0
configure:12390: result: yes
configure:12390: checking for memmove
configure:12390: gcc -o conftest -g -O2   conftest.c  >&5
conftest.c:57:6: warning: incompatible redeclaration of library function 'memmove' [-Wincompatible-library-redeclaration]
char memmove ();
     ^
conftest.c:57:6: note: 'memmove' is a builtin with type 'void *(void *, const void *, unsigned long)'
1 warning generated.
configure:12390: $? = 0
configure:12390: result: yes
configure:12439: checking gcc compiler flag -ansi to assure ANSI C works correctly
configure:12466: gcc -c -g -O2  -ansi  conftest.c >&5
configure:12466: $? = 0
configure:12467: result: ok, add it to XX_ANSIFLAGS
configure:13017: checking for HARFBUZZ
configure:13076: result: no
configure:13899: creating ./config.status

## ---------------------- ##
## Running config.status. ##
## ---------------------- ##

This file was extended by FreeType config.status 2.5.5, which was
generated by GNU Autoconf 2.69.  Invocation command line was

  CONFIG_FILES    = 
  CONFIG_HEADERS  = 
  CONFIG_LINKS    = 
  CONFIG_COMMANDS = 
  $ ./config.status 

on occam.CS.unlv.edu

config.status:1080: creating unix-cc.mk
config.status:1080: creating unix-def.mk
config.status:1080: creating ftconfig.h
config.status:1269: executing libtool commands
configure:15847:

Library configuration:
  external zlib: no
  bzip2:         no
  libpng:        no
  harfbuzz:      no


## ---------------- ##
## Cache variables. ##
## ---------------- ##

ac_cv_build=x86_64-apple-darwin15.6.0
ac_cv_c_compiler_gnu=yes
ac_cv_c_const=yes
ac_cv_env_BZIP2_CFLAGS_set=
ac_cv_env_BZIP2_CFLAGS_value=
ac_cv_env_BZIP2_LIBS_set=
ac_cv_env_BZIP2_LIBS_value=
ac_cv_env_CC_set=
ac_cv_env_CC_value=
ac_cv_env_CFLAGS_set=
ac_cv_env_CFLAGS_value=
ac_cv_env_CPPFLAGS_set=
ac_cv_env_CPPFLAGS_value=
ac_cv_env_CPP_set=
ac_cv_env_CPP_value=
ac_cv_env_HARFBUZZ_CFLAGS_set=
ac_cv_env_HARFBUZZ_CFLAGS_value=
ac_cv_env_HARFBUZZ_LIBS_set=
ac_cv_env_HARFBUZZ_LIBS_value=
ac_cv_env_LDFLAGS_set=
ac_cv_env_LDFLAGS_value=
ac_cv_env_LIBPNG_CFLAGS_set=
ac_cv_env_LIBPNG_CFLAGS_value=
ac_cv_env_LIBPNG_LIBS_set=
ac_cv_env_LIBPNG_LIBS_value=
ac_cv_env_LIBS_set=
ac_cv_env_LIBS_value=
ac_cv_env_PKG_CONFIG_LIBDIR_set=
ac_cv_env_PKG_CONFIG_LIBDIR_value=
ac_cv_env_PKG_CONFIG_PATH_set=
ac_cv_env_PKG_CONFIG_PATH_value=
ac_cv_env_PKG_CONFIG_set=
ac_cv_env_PKG_CONFIG_value=
ac_cv_env_ZLIB_CFLAGS_set=
ac_cv_env_ZLIB_CFLAGS_value=
ac_cv_env_ZLIB_LIBS_set=
ac_cv_env_ZLIB_LIBS_value=
ac_cv_env_build_alias_set=
ac_cv_env_build_alias_value=
ac_cv_env_host_alias_set=
ac_cv_env_host_alias_value=
ac_cv_env_target_alias_set=
ac_cv_env_target_alias_value=
ac_cv_func_getpagesize=yes
ac_cv_func_memcpy=yes
ac_cv_func_memmove=yes
ac_cv_func_mmap_fixed_mapped=yes
ac_cv_have_decl_munmap=yes
ac_cv_header_dlfcn_h=yes
ac_cv_header_fcntl_h=yes
ac_cv_header_inttypes_h=yes
ac_cv_header_memory_h=yes
ac_cv_header_stdc=yes
ac_cv_header_stdint_h=yes
ac_cv_header_stdlib_h=yes
ac_cv_header_string_h=yes
ac_cv_header_strings_h=yes
ac_cv_header_sys_param_h=yes
ac_cv_header_sys_stat_h=yes
ac_cv_header_sys_types_h=yes
ac_cv_header_unistd_h=yes
ac_cv_host=x86_64-apple-darwin15.6.0
ac_cv_objext=o
ac_cv_path_EGREP='/usr/bin/grep -E'
ac_cv_path_FGREP='/usr/bin/grep -F'
ac_cv_path_GREP=/usr/bin/grep
ac_cv_path_SED=/usr/bin/sed
ac_cv_path_install='/usr/bin/install -c'
ac_cv_prog_AWK=awk
ac_cv_prog_CPP='gcc -E'
ac_cv_prog_RMDIR=rmdir
ac_cv_prog_ac_ct_AR=ar
ac_cv_prog_ac_ct_CC=gcc
ac_cv_prog_ac_ct_DSYMUTIL=dsymutil
ac_cv_prog_ac_ct_LIPO=lipo
ac_cv_prog_ac_ct_NMEDIT=nmedit
ac_cv_prog_ac_ct_OTOOL=otool
ac_cv_prog_ac_ct_RANLIB=ranlib
ac_cv_prog_ac_ct_STRIP=strip
ac_cv_prog_cc_c89=
ac_cv_prog_cc_g=yes
ac_cv_sizeof_int=4
ac_cv_sizeof_long=8
lt_cv_apple_cc_single_mod=yes
lt_cv_ar_at_file=no
lt_cv_deplibs_check_method=pass_all
lt_cv_file_magic_cmd='$MAGIC_CMD'
lt_cv_file_magic_test_file=
lt_cv_ld_exported_symbols_list=yes
lt_cv_ld_force_load=yes
lt_cv_ld_reload_flag=-r
lt_cv_nm_interface='BSD nm'
lt_cv_objdir=.libs
lt_cv_path_LD=/Library/Developer/CommandLineTools/usr/bin/ld
lt_cv_path_NM='/usr/bin/nm -B'
lt_cv_path_mainfest_tool=no
lt_cv_prog_compiler_c_o=yes
lt_cv_prog_compiler_pic='-fno-common -DPIC'
lt_cv_prog_compiler_pic_works=yes
lt_cv_prog_compiler_rtti_exceptions=yes
lt_cv_prog_compiler_static_works=no
lt_cv_prog_gnu_ld=no
lt_cv_sharedlib_from_linklib_cmd='printf %s\n'
lt_cv_sys_global_symbol_pipe='sed -n -e '\''s/^.*[	 ]\([BCDEGRST][BCDEGRST]*\)[	 ][	 ]*_\([_A-Za-z][_A-Za-z0-9]*\)$/\1 _\2 \2/p'\'' | sed '\''/ __gnu_lto/d'\'''
lt_cv_sys_global_symbol_to_c_name_address='sed -n -e '\''s/^: \(.*\) .*$/  {"\1", (void *) 0},/p'\'' -e '\''s/^[BCDEGRST][BCDEGRST]* .* \(.*\)$/  {"\1", (void *) \&\1},/p'\'''
lt_cv_sys_global_symbol_to_c_name_address_lib_prefix='sed -n -e '\''s/^: \(.*\) .*$/  {"\1", (void *) 0},/p'\'' -e '\''s/^[BCDEGRST][BCDEGRST]* .* \(lib.*\)$/  {"\1", (void *) \&\1},/p'\'' -e '\''s/^[BCDEGRST][BCDEGRST]* .* \(.*\)$/  {"lib\1", (void *) \&\1},/p'\'''
lt_cv_sys_global_symbol_to_cdecl='sed -n -e '\''s/^T .* \(.*\)$/extern int \1();/p'\'' -e '\''s/^[BCDEGRST][BCDEGRST]* .* \(.*\)$/extern char \1;/p'\'''
lt_cv_sys_global_symbol_to_import=
lt_cv_sys_max_cmd_len=196608
lt_cv_to_host_file_cmd=func_convert_file_noop
lt_cv_to_tool_file_cmd=func_convert_file_noop

## ----------------- ##
## Output variables. ##
## ----------------- ##

AR='ar'
AS='as'
AWK='awk'
BZIP2_CFLAGS=''
BZIP2_LIBS=''
CC='gcc'
CC_BUILD='gcc'
CFLAGS='-g -O2 -DDARWIN_NO_CARBON'
CPP='gcc -E'
CPPFLAGS=''
DEFS='-DHAVE_CONFIG_H'
DLLTOOL='false'
DSYMUTIL='dsymutil'
DUMPBIN=''
ECHO_C='\c'
ECHO_N=''
ECHO_T=''
EGREP='/usr/bin/grep -E'
EXEEXT=''
EXEEXT_BUILD=''
FGREP='/usr/bin/grep -F'
FTSYS_SRC='$(BUILD_DIR)/ftsystem.c'
GREP='/usr/bin/grep'
HARFBUZZ_CFLAGS=''
HARFBUZZ_LIBS=''
INSTALL_DATA='${INSTALL} -m 644'
INSTALL_PROGRAM='${INSTALL}'
INSTALL_SCRIPT='${INSTALL}'
LD='/Library/Developer/CommandLineTools/usr/bin/ld'
LDFLAGS=''
LIBOBJS=''
LIBPNG_CFLAGS=''
LIBPNG_LIBS=''
LIBS=''
LIBSSTATIC_CONFIG='-lfreetype'
LIBS_PRIVATE=''
LIBTOOL='$(SHELL) $(top_builddir)/libtool'
LIPO='lipo'
LN_S='ln -s'
LTLIBOBJS=''
MANIFEST_TOOL=':'
NM='/usr/bin/nm -B'
NMEDIT='nmedit'
OBJDUMP='false'
OBJEXT='o'
OTOOL64=':'
OTOOL='otool'
PACKAGE_BUGREPORT='freetype@nongnu.org'
PACKAGE_NAME='FreeType'
PACKAGE_STRING='FreeType 2.5.5'
PACKAGE_TARNAME='freetype'
PACKAGE_URL=''
PACKAGE_VERSION='2.5.5'
PATH_SEPARATOR=':'
PKG_CONFIG=''
PKG_CONFIG_LIBDIR=''
PKG_CONFIG_PATH=''
RANLIB='ranlib'
REQUIRES_PRIVATE=''
RMDIR='rmdir'
SED='/usr/bin/sed'
SHELL='/bin/sh'
STRIP='strip'
XX_ANSIFLAGS=' -ansi'
XX_CFLAGS='-Wall'
ZLIB_CFLAGS=''
ZLIB_LIBS=''
ac_ct_AR='ar'
ac_ct_CC='gcc'
ac_ct_DUMPBIN=''
bindir='${exec_prefix}/bin'
build='x86_64-apple-darwin15.6.0'
build_alias=''
build_cpu='x86_64'
build_libtool_libs=''
build_os='darwin15.6.0'
build_vendor='apple'
datadir='${datarootdir}'
datarootdir='${prefix}/share'
docdir='${datarootdir}/doc/${PACKAGE_TARNAME}'
dvidir='${docdir}'
exec_prefix='${prefix}'
ft_version='17.4.11'
ftmac_c=''
hardcode_libdir_flag_spec=''
host='x86_64-apple-darwin15.6.0'
host_alias=''
host_cpu='x86_64'
host_os='darwin15.6.0'
host_vendor='apple'
htmldir='${docdir}'
includedir='${prefix}/include'
infodir='${datarootdir}/info'
libdir='${exec_prefix}/lib'
libexecdir='${exec_prefix}/libexec'
localedir='${datarootdir}/locale'
localstatedir='${prefix}/var'
mandir='${datarootdir}/man'
oldincludedir='/usr/include'
pdfdir='${docdir}'
prefix='/usr/local'
program_transform_name='s,x,x,'
psdir='${docdir}'
sbindir='${exec_prefix}/sbin'
sharedstatedir='${prefix}/com'
sysconfdir='${prefix}/etc'
target_alias=''
version_info='17:4:11'
wl='-Wl,'

## ----------- ##
## confdefs.h. ##
## ----------- ##

/* confdefs.h */
#define PACKAGE_NAME "FreeType"
#define PACKAGE_TARNAME "freetype"
#define PACKAGE_VERSION "2.5.5"
#define PACKAGE_STRING "FreeType 2.5.5"
#define PACKAGE_BUGREPORT "freetype@nongnu.org"
#define PACKAGE_URL ""
#define STDC_HEADERS 1
#define HAVE_SYS_TYPES_H 1
#define HAVE_SYS_STAT_H 1
#define HAVE_STDLIB_H 1
#define HAVE_STRING_H 1
#define HAVE_MEMORY_H 1
#define HAVE_STRINGS_H 1
#define HAVE_INTTYPES_H 1
#define HAVE_STDINT_H 1
#define HAVE_UNISTD_H 1
#define HAVE_DLFCN_H 1
#define LT_OBJDIR ".libs/"
#define STDC_HEADERS 1
#define HAVE_FCNTL_H 1
#define HAVE_UNISTD_H 1
#define SIZEOF_INT 4
#define SIZEOF_LONG 8
#define HAVE_STDLIB_H 1
#define HAVE_UNISTD_H 1
#define HAVE_SYS_PARAM_H 1
#define HAVE_GETPAGESIZE 1
#define HAVE_MMAP 1
#define HAVE_DECL_MUNMAP 1
#define MUNMAP_USES_VOIDP /**/
#define HAVE_MEMCPY 1
#define HAVE_MEMMOVE 1

configure: exit 0
